<?xml version="1.0" encoding="UTF-8"?>
<!-- Generated by org.testng.reporters.JUnitXMLReporter -->
<testsuite hostname="DESKTOP-7H8BUQL" ignored="4" name="Test" tests="4" failures="0" timestamp="29 Oct 2021 07:01:13 GMT" time="7.303" errors="0">
  <testcase name="@BeforeClass configureBeforeClass" time="5.231" classname="com.konex.commonUtils.BaseClass">
    <failure type="org.openqa.selenium.SessionNotCreatedException" message="session not created: This version of ChromeDriver only supports Chrome version 91
Current browser version is 95.0.4638.54 with binary path C:\Program Files\Google\Chrome\Application\chrome.exe
Build info: version: &amp;apos;3.141.59&amp;apos;, revision: &amp;apos;e82be7d358&amp;apos;, time: &amp;apos;2018-11-14T08:17:03&amp;apos;
System info: host: &amp;apos;DESKTOP-7H8BUQL&amp;apos;, ip: &amp;apos;192.168.43.95&amp;apos;, os.name: &amp;apos;Windows 10&amp;apos;, os.arch: &amp;apos;amd64&amp;apos;, os.version: &amp;apos;10.0&amp;apos;, java.version: &amp;apos;1.8.0_261&amp;apos;
Driver info: driver.version: ChromeDriver
remote stacktrace: Backtrace:
	Ordinal0 [0x00382DB3+2502067]
	Ordinal0 [0x0031C5B1+2082225]
	Ordinal0 [0x00222498+1057944]
	Ordinal0 [0x002405DA+1181146]
	Ordinal0 [0x0023C43C+1164348]
	Ordinal0 [0x00239C73+1154163]
	Ordinal0 [0x00269A22+1350178]
	Ordinal0 [0x0026967A+1349242]
	Ordinal0 [0x00265BEB+1334251]
	Ordinal0 [0x00242174+1188212]
	Ordinal0 [0x00243009+1191945]
	GetHandleVerifier [0x004FEC5C+1511084]
	GetHandleVerifier [0x005A8522+2205554]
	GetHandleVerifier [0x00403393+480739]
	GetHandleVerifier [0x00402579+477129]
	Ordinal0 [0x00321E5D+2104925]
	Ordinal0 [0x003263F8+2122744]
	Ordinal0 [0x00326537+2123063]
	Ordinal0 [0x0032EE53+2158163]
	BaseThreadInitThunk [0x7601FA29+25]
	RtlGetAppContainerNamedObjectPath [0x77127A9E+286]
	RtlGetAppContainerNamedObjectPath [0x77127A6E+238]
">
      <![CDATA[org.openqa.selenium.SessionNotCreatedException: session not created: This version of ChromeDriver only supports Chrome version 91
Current browser version is 95.0.4638.54 with binary path C:\Program Files\Google\Chrome\Application\chrome.exe
Build info: version: '3.141.59', revision: 'e82be7d358', time: '2018-11-14T08:17:03'
System info: host: 'DESKTOP-7H8BUQL', ip: '192.168.43.95', os.name: 'Windows 10', os.arch: 'amd64', os.version: '10.0', java.version: '1.8.0_261'
Driver info: driver.version: ChromeDriver
remote stacktrace: Backtrace:
Ordinal0 [0x00382DB3+2502067]
Ordinal0 [0x0031C5B1+2082225]
Ordinal0 [0x00222498+1057944]
Ordinal0 [0x002405DA+1181146]
Ordinal0 [0x0023C43C+1164348]
Ordinal0 [0x00239C73+1154163]
Ordinal0 [0x00269A22+1350178]
Ordinal0 [0x0026967A+1349242]
Ordinal0 [0x00265BEB+1334251]
Ordinal0 [0x00242174+1188212]
Ordinal0 [0x00243009+1191945]
GetHandleVerifier [0x004FEC5C+1511084]
GetHandleVerifier [0x005A8522+2205554]
GetHandleVerifier [0x00403393+480739]
GetHandleVerifier [0x00402579+477129]
Ordinal0 [0x00321E5D+2104925]
Ordinal0 [0x003263F8+2122744]
Ordinal0 [0x00326537+2123063]
Ordinal0 [0x0032EE53+2158163]
BaseThreadInitThunk [0x7601FA29+25]
RtlGetAppContainerNamedObjectPath [0x77127A9E+286]
RtlGetAppContainerNamedObjectPath [0x77127A6E+238]

at org.openqa.selenium.remote.W3CHandshakeResponse.lambda$errorHandler$0(W3CHandshakeResponse.java:62)
at org.openqa.selenium.remote.HandshakeResponse.lambda$getResponseFunction$0(HandshakeResponse.java:30)
at org.openqa.selenium.remote.ProtocolHandshake.lambda$createSession$0(ProtocolHandshake.java:126)
at java.util.stream.ReferencePipeline$3$1.accept(ReferencePipeline.java:193)
at java.util.Spliterators$ArraySpliterator.tryAdvance(Spliterators.java:958)
at java.util.stream.ReferencePipeline.forEachWithCancel(ReferencePipeline.java:126)
at java.util.stream.AbstractPipeline.copyIntoWithCancel(AbstractPipeline.java:499)
at java.util.stream.AbstractPipeline.copyInto(AbstractPipeline.java:486)
at java.util.stream.AbstractPipeline.wrapAndCopyInto(AbstractPipeline.java:472)
at java.util.stream.FindOps$FindOp.evaluateSequential(FindOps.java:152)
at java.util.stream.AbstractPipeline.evaluate(AbstractPipeline.java:234)
at java.util.stream.ReferencePipeline.findFirst(ReferencePipeline.java:464)
at org.openqa.selenium.remote.ProtocolHandshake.createSession(ProtocolHandshake.java:128)
at org.openqa.selenium.remote.ProtocolHandshake.createSession(ProtocolHandshake.java:74)
at org.openqa.selenium.remote.HttpCommandExecutor.execute(HttpCommandExecutor.java:136)
at org.openqa.selenium.remote.service.DriverCommandExecutor.execute(DriverCommandExecutor.java:83)
at org.openqa.selenium.remote.RemoteWebDriver.execute(RemoteWebDriver.java:552)
at org.openqa.selenium.remote.RemoteWebDriver.startSession(RemoteWebDriver.java:213)
at org.openqa.selenium.remote.RemoteWebDriver.<init>(RemoteWebDriver.java:131)
at org.openqa.selenium.chrome.ChromeDriver.<init>(ChromeDriver.java:181)
at org.openqa.selenium.chrome.ChromeDriver.<init>(ChromeDriver.java:168)
at org.openqa.selenium.chrome.ChromeDriver.<init>(ChromeDriver.java:157)
at com.konex.commonUtils.BaseClass.configureBeforeClass(BaseClass.java:77)
at java.util.concurrent.ThreadPoolExecutor.runWorker(ThreadPoolExecutor.java:1149)
at java.util.concurrent.ThreadPoolExecutor$Worker.run(ThreadPoolExecutor.java:624)
at java.lang.Thread.run(Thread.java:748)
... Removed 15 stack frames]]>
    </failure>
  </testcase> <!-- @BeforeClass configureBeforeClass -->
  <testcase name="@BeforeMethod configureBeforeMethod" time="0.0" classname="com.konex.commonUtils.BaseClass">
    <skipped/>
  </testcase> <!-- @BeforeMethod configureBeforeMethod -->
  <testcase name="@AfterMethod ConfigureAfterMethod" time="0.0" classname="com.konex.commonUtils.BaseClass">
    <skipped/>
  </testcase> <!-- @AfterMethod ConfigureAfterMethod -->
  <testcase name="@AfterClass configAfterClass" time="0.0" classname="com.konex.commonUtils.BaseClass">
    <skipped/>
  </testcase> <!-- @AfterClass configAfterClass -->
  <testcase name="@BeforeClass configureBeforeClass" time="5.324" classname="com.konex.commonUtils.BaseClass">
    <failure type="org.openqa.selenium.SessionNotCreatedException" message="session not created: This version of ChromeDriver only supports Chrome version 91
Current browser version is 95.0.4638.54 with binary path C:\Program Files\Google\Chrome\Application\chrome.exe
Build info: version: &amp;apos;3.141.59&amp;apos;, revision: &amp;apos;e82be7d358&amp;apos;, time: &amp;apos;2018-11-14T08:17:03&amp;apos;
System info: host: &amp;apos;DESKTOP-7H8BUQL&amp;apos;, ip: &amp;apos;192.168.43.95&amp;apos;, os.name: &amp;apos;Windows 10&amp;apos;, os.arch: &amp;apos;amd64&amp;apos;, os.version: &amp;apos;10.0&amp;apos;, java.version: &amp;apos;1.8.0_261&amp;apos;
Driver info: driver.version: ChromeDriver
remote stacktrace: Backtrace:
	Ordinal0 [0x00382DB3+2502067]
	Ordinal0 [0x0031C5B1+2082225]
	Ordinal0 [0x00222498+1057944]
	Ordinal0 [0x002405DA+1181146]
	Ordinal0 [0x0023C43C+1164348]
	Ordinal0 [0x00239C73+1154163]
	Ordinal0 [0x00269A22+1350178]
	Ordinal0 [0x0026967A+1349242]
	Ordinal0 [0x00265BEB+1334251]
	Ordinal0 [0x00242174+1188212]
	Ordinal0 [0x00243009+1191945]
	GetHandleVerifier [0x004FEC5C+1511084]
	GetHandleVerifier [0x005A8522+2205554]
	GetHandleVerifier [0x00403393+480739]
	GetHandleVerifier [0x00402579+477129]
	Ordinal0 [0x00321E5D+2104925]
	Ordinal0 [0x003263F8+2122744]
	Ordinal0 [0x00326537+2123063]
	Ordinal0 [0x0032EE53+2158163]
	BaseThreadInitThunk [0x7601FA29+25]
	RtlGetAppContainerNamedObjectPath [0x77127A9E+286]
	RtlGetAppContainerNamedObjectPath [0x77127A6E+238]
">
      <![CDATA[org.openqa.selenium.SessionNotCreatedException: session not created: This version of ChromeDriver only supports Chrome version 91
Current browser version is 95.0.4638.54 with binary path C:\Program Files\Google\Chrome\Application\chrome.exe
Build info: version: '3.141.59', revision: 'e82be7d358', time: '2018-11-14T08:17:03'
System info: host: 'DESKTOP-7H8BUQL', ip: '192.168.43.95', os.name: 'Windows 10', os.arch: 'amd64', os.version: '10.0', java.version: '1.8.0_261'
Driver info: driver.version: ChromeDriver
remote stacktrace: Backtrace:
Ordinal0 [0x00382DB3+2502067]
Ordinal0 [0x0031C5B1+2082225]
Ordinal0 [0x00222498+1057944]
Ordinal0 [0x002405DA+1181146]
Ordinal0 [0x0023C43C+1164348]
Ordinal0 [0x00239C73+1154163]
Ordinal0 [0x00269A22+1350178]
Ordinal0 [0x0026967A+1349242]
Ordinal0 [0x00265BEB+1334251]
Ordinal0 [0x00242174+1188212]
Ordinal0 [0x00243009+1191945]
GetHandleVerifier [0x004FEC5C+1511084]
GetHandleVerifier [0x005A8522+2205554]
GetHandleVerifier [0x00403393+480739]
GetHandleVerifier [0x00402579+477129]
Ordinal0 [0x00321E5D+2104925]
Ordinal0 [0x003263F8+2122744]
Ordinal0 [0x00326537+2123063]
Ordinal0 [0x0032EE53+2158163]
BaseThreadInitThunk [0x7601FA29+25]
RtlGetAppContainerNamedObjectPath [0x77127A9E+286]
RtlGetAppContainerNamedObjectPath [0x77127A6E+238]

at org.openqa.selenium.remote.W3CHandshakeResponse.lambda$errorHandler$0(W3CHandshakeResponse.java:62)
at org.openqa.selenium.remote.HandshakeResponse.lambda$getResponseFunction$0(HandshakeResponse.java:30)
at org.openqa.selenium.remote.ProtocolHandshake.lambda$createSession$0(ProtocolHandshake.java:126)
at java.util.stream.ReferencePipeline$3$1.accept(ReferencePipeline.java:193)
at java.util.Spliterators$ArraySpliterator.tryAdvance(Spliterators.java:958)
at java.util.stream.ReferencePipeline.forEachWithCancel(ReferencePipeline.java:126)
at java.util.stream.AbstractPipeline.copyIntoWithCancel(AbstractPipeline.java:499)
at java.util.stream.AbstractPipeline.copyInto(AbstractPipeline.java:486)
at java.util.stream.AbstractPipeline.wrapAndCopyInto(AbstractPipeline.java:472)
at java.util.stream.FindOps$FindOp.evaluateSequential(FindOps.java:152)
at java.util.stream.AbstractPipeline.evaluate(AbstractPipeline.java:234)
at java.util.stream.ReferencePipeline.findFirst(ReferencePipeline.java:464)
at org.openqa.selenium.remote.ProtocolHandshake.createSession(ProtocolHandshake.java:128)
at org.openqa.selenium.remote.ProtocolHandshake.createSession(ProtocolHandshake.java:74)
at org.openqa.selenium.remote.HttpCommandExecutor.execute(HttpCommandExecutor.java:136)
at org.openqa.selenium.remote.service.DriverCommandExecutor.execute(DriverCommandExecutor.java:83)
at org.openqa.selenium.remote.RemoteWebDriver.execute(RemoteWebDriver.java:552)
at org.openqa.selenium.remote.RemoteWebDriver.startSession(RemoteWebDriver.java:213)
at org.openqa.selenium.remote.RemoteWebDriver.<init>(RemoteWebDriver.java:131)
at org.openqa.selenium.chrome.ChromeDriver.<init>(ChromeDriver.java:181)
at org.openqa.selenium.chrome.ChromeDriver.<init>(ChromeDriver.java:168)
at org.openqa.selenium.chrome.ChromeDriver.<init>(ChromeDriver.java:157)
at com.konex.commonUtils.BaseClass.configureBeforeClass(BaseClass.java:77)
at java.util.concurrent.ThreadPoolExecutor.runWorker(ThreadPoolExecutor.java:1149)
at java.util.concurrent.ThreadPoolExecutor$Worker.run(ThreadPoolExecutor.java:624)
at java.lang.Thread.run(Thread.java:748)
... Removed 15 stack frames]]>
    </failure>
  </testcase> <!-- @BeforeClass configureBeforeClass -->
  <testcase name="@BeforeMethod configureBeforeMethod" time="0.0" classname="com.konex.commonUtils.BaseClass">
    <skipped/>
  </testcase> <!-- @BeforeMethod configureBeforeMethod -->
  <testcase name="@AfterMethod ConfigureAfterMethod" time="0.0" classname="com.konex.commonUtils.BaseClass">
    <skipped/>
  </testcase> <!-- @AfterMethod ConfigureAfterMethod -->
  <testcase name="@AfterClass configAfterClass" time="0.0" classname="com.konex.commonUtils.BaseClass">
    <skipped/>
  </testcase> <!-- @AfterClass configAfterClass -->
  <testcase name="@BeforeClass configureBeforeClass" time="7.279" classname="com.konex.commonUtils.BaseClass">
    <failure type="org.openqa.selenium.SessionNotCreatedException" message="session not created: This version of ChromeDriver only supports Chrome version 91
Current browser version is 95.0.4638.54 with binary path C:\Program Files\Google\Chrome\Application\chrome.exe
Build info: version: &amp;apos;3.141.59&amp;apos;, revision: &amp;apos;e82be7d358&amp;apos;, time: &amp;apos;2018-11-14T08:17:03&amp;apos;
System info: host: &amp;apos;DESKTOP-7H8BUQL&amp;apos;, ip: &amp;apos;192.168.43.95&amp;apos;, os.name: &amp;apos;Windows 10&amp;apos;, os.arch: &amp;apos;amd64&amp;apos;, os.version: &amp;apos;10.0&amp;apos;, java.version: &amp;apos;1.8.0_261&amp;apos;
Driver info: driver.version: ChromeDriver
remote stacktrace: Backtrace:
	Ordinal0 [0x00382DB3+2502067]
	Ordinal0 [0x0031C5B1+2082225]
	Ordinal0 [0x00222498+1057944]
	Ordinal0 [0x002405DA+1181146]
	Ordinal0 [0x0023C43C+1164348]
	Ordinal0 [0x00239C73+1154163]
	Ordinal0 [0x00269A22+1350178]
	Ordinal0 [0x0026967A+1349242]
	Ordinal0 [0x00265BEB+1334251]
	Ordinal0 [0x00242174+1188212]
	Ordinal0 [0x00243009+1191945]
	GetHandleVerifier [0x004FEC5C+1511084]
	GetHandleVerifier [0x005A8522+2205554]
	GetHandleVerifier [0x00403393+480739]
	GetHandleVerifier [0x00402579+477129]
	Ordinal0 [0x00321E5D+2104925]
	Ordinal0 [0x003263F8+2122744]
	Ordinal0 [0x00326537+2123063]
	Ordinal0 [0x0032EE53+2158163]
	BaseThreadInitThunk [0x7601FA29+25]
	RtlGetAppContainerNamedObjectPath [0x77127A9E+286]
	RtlGetAppContainerNamedObjectPath [0x77127A6E+238]
">
      <![CDATA[org.openqa.selenium.SessionNotCreatedException: session not created: This version of ChromeDriver only supports Chrome version 91
Current browser version is 95.0.4638.54 with binary path C:\Program Files\Google\Chrome\Application\chrome.exe
Build info: version: '3.141.59', revision: 'e82be7d358', time: '2018-11-14T08:17:03'
System info: host: 'DESKTOP-7H8BUQL', ip: '192.168.43.95', os.name: 'Windows 10', os.arch: 'amd64', os.version: '10.0', java.version: '1.8.0_261'
Driver info: driver.version: ChromeDriver
remote stacktrace: Backtrace:
Ordinal0 [0x00382DB3+2502067]
Ordinal0 [0x0031C5B1+2082225]
Ordinal0 [0x00222498+1057944]
Ordinal0 [0x002405DA+1181146]
Ordinal0 [0x0023C43C+1164348]
Ordinal0 [0x00239C73+1154163]
Ordinal0 [0x00269A22+1350178]
Ordinal0 [0x0026967A+1349242]
Ordinal0 [0x00265BEB+1334251]
Ordinal0 [0x00242174+1188212]
Ordinal0 [0x00243009+1191945]
GetHandleVerifier [0x004FEC5C+1511084]
GetHandleVerifier [0x005A8522+2205554]
GetHandleVerifier [0x00403393+480739]
GetHandleVerifier [0x00402579+477129]
Ordinal0 [0x00321E5D+2104925]
Ordinal0 [0x003263F8+2122744]
Ordinal0 [0x00326537+2123063]
Ordinal0 [0x0032EE53+2158163]
BaseThreadInitThunk [0x7601FA29+25]
RtlGetAppContainerNamedObjectPath [0x77127A9E+286]
RtlGetAppContainerNamedObjectPath [0x77127A6E+238]

at org.openqa.selenium.remote.W3CHandshakeResponse.lambda$errorHandler$0(W3CHandshakeResponse.java:62)
at org.openqa.selenium.remote.HandshakeResponse.lambda$getResponseFunction$0(HandshakeResponse.java:30)
at org.openqa.selenium.remote.ProtocolHandshake.lambda$createSession$0(ProtocolHandshake.java:126)
at java.util.stream.ReferencePipeline$3$1.accept(ReferencePipeline.java:193)
at java.util.Spliterators$ArraySpliterator.tryAdvance(Spliterators.java:958)
at java.util.stream.ReferencePipeline.forEachWithCancel(ReferencePipeline.java:126)
at java.util.stream.AbstractPipeline.copyIntoWithCancel(AbstractPipeline.java:499)
at java.util.stream.AbstractPipeline.copyInto(AbstractPipeline.java:486)
at java.util.stream.AbstractPipeline.wrapAndCopyInto(AbstractPipeline.java:472)
at java.util.stream.FindOps$FindOp.evaluateSequential(FindOps.java:152)
at java.util.stream.AbstractPipeline.evaluate(AbstractPipeline.java:234)
at java.util.stream.ReferencePipeline.findFirst(ReferencePipeline.java:464)
at org.openqa.selenium.remote.ProtocolHandshake.createSession(ProtocolHandshake.java:128)
at org.openqa.selenium.remote.ProtocolHandshake.createSession(ProtocolHandshake.java:74)
at org.openqa.selenium.remote.HttpCommandExecutor.execute(HttpCommandExecutor.java:136)
at org.openqa.selenium.remote.service.DriverCommandExecutor.execute(DriverCommandExecutor.java:83)
at org.openqa.selenium.remote.RemoteWebDriver.execute(RemoteWebDriver.java:552)
at org.openqa.selenium.remote.RemoteWebDriver.startSession(RemoteWebDriver.java:213)
at org.openqa.selenium.remote.RemoteWebDriver.<init>(RemoteWebDriver.java:131)
at org.openqa.selenium.chrome.ChromeDriver.<init>(ChromeDriver.java:181)
at org.openqa.selenium.chrome.ChromeDriver.<init>(ChromeDriver.java:168)
at org.openqa.selenium.chrome.ChromeDriver.<init>(ChromeDriver.java:157)
at com.konex.commonUtils.BaseClass.configureBeforeClass(BaseClass.java:77)
at java.util.concurrent.ThreadPoolExecutor.runWorker(ThreadPoolExecutor.java:1149)
at java.util.concurrent.ThreadPoolExecutor$Worker.run(ThreadPoolExecutor.java:624)
at java.lang.Thread.run(Thread.java:748)
... Removed 15 stack frames]]>
    </failure>
  </testcase> <!-- @BeforeClass configureBeforeClass -->
  <testcase name="@BeforeMethod configureBeforeMethod" time="0.0" classname="com.konex.commonUtils.BaseClass">
    <skipped/>
  </testcase> <!-- @BeforeMethod configureBeforeMethod -->
  <testcase name="@AfterMethod ConfigureAfterMethod" time="0.0" classname="com.konex.commonUtils.BaseClass">
    <skipped/>
  </testcase> <!-- @AfterMethod ConfigureAfterMethod -->
  <testcase name="@AfterClass configAfterClass" time="0.0" classname="com.konex.commonUtils.BaseClass">
    <skipped/>
  </testcase> <!-- @AfterClass configAfterClass -->
  <testcase name="createCustomer" time="0.0" classname="com.konexPos.customersTest.AddCustomertest">
    <skipped/>
  </testcase> <!-- createCustomer -->
  <testcase name="addCustomer" time="0.0" classname="com.konexPos.customersTest.OrderPlaceAtPosScreentest">
    <skipped/>
  </testcase> <!-- addCustomer -->
  <testcase name="verifyOrderPlaced" time="0.0" classname="com.konexPos.customersTest.OrderPlaceAtPosScreentest">
    <skipped/>
  </testcase> <!-- verifyOrderPlaced -->
  <testcase name="barCodeScan" time="0.0" classname="com.konexPos.customersTest.BarCodeScantest">
    <skipped/>
  </testcase> <!-- barCodeScan -->
  <testcase name="@AfterSuite configAfterSuite" time="0.0" classname="com.konex.commonUtils.BaseClass">
    <ignored/>
  </testcase> <!-- @AfterSuite configAfterSuite -->
  <testcase name="@AfterSuite configAfterSuite" time="0.0" classname="com.konex.commonUtils.BaseClass">
    <ignored/>
  </testcase> <!-- @AfterSuite configAfterSuite -->
  <testcase name="@BeforeSuite configureBeforeSuite" time="0.0" classname="com.konex.commonUtils.BaseClass">
    <ignored/>
  </testcase> <!-- @BeforeSuite configureBeforeSuite -->
  <testcase name="@BeforeSuite configureBeforeSuite" time="0.0" classname="com.konex.commonUtils.BaseClass">
    <ignored/>
  </testcase> <!-- @BeforeSuite configureBeforeSuite -->
</testsuite> <!-- Test -->
