<?xml version="1.0" encoding="UTF-8"?>
<testng-results skipped="4" failed="0" ignored="4" total="8" passed="0">
  <reporter-output>
  </reporter-output>
  <suite name="Suite" duration-ms="7303" started-at="2021-10-29T07:01:06Z" finished-at="2021-10-29T07:01:13Z">
    <groups>
      <group name="SmokeTest">
        <method signature="OrderPlaceAtPosScreentest.addCustomer()[pri:0, instance:com.konexPos.customersTest.OrderPlaceAtPosScreentest@5b0abc94]" name="addCustomer" class="com.konexPos.customersTest.OrderPlaceAtPosScreentest"/>
        <method signature="AddCustomertest.createCustomer()[pri:0, instance:com.konexPos.customersTest.AddCustomertest@7d68ef40]" name="createCustomer" class="com.konexPos.customersTest.AddCustomertest"/>
      </group> <!-- SmokeTest -->
      <group name="regression">
        <method signature="BarCodeScantest.barCodeScan()[pri:0, instance:com.konexPos.customersTest.BarCodeScantest@123f1134]" name="barCodeScan" class="com.konexPos.customersTest.BarCodeScantest"/>
      </group> <!-- regression -->
    </groups>
    <test name="Test" duration-ms="7303" started-at="2021-10-29T07:01:06Z" finished-at="2021-10-29T07:01:13Z">
      <class name="com.konexPos.customersTest.BarCodeScantest">
        <test-method status="PASS" signature="configureBeforeSuite()[pri:0, instance:com.konexPos.customersTest.BarCodeScantest@123f1134]" name="configureBeforeSuite" is-config="true" duration-ms="25" started-at="2021-10-29T07:01:06Z" finished-at="2021-10-29T07:01:06Z">
          <reporter-output>
          </reporter-output>
        </test-method> <!-- configureBeforeSuite -->
        <test-method status="FAIL" signature="configureBeforeClass()[pri:0, instance:com.konexPos.customersTest.BarCodeScantest@123f1134]" name="configureBeforeClass" is-config="true" duration-ms="7279" started-at="2021-10-29T07:01:06Z" finished-at="2021-10-29T07:01:13Z">
          <exception class="org.openqa.selenium.SessionNotCreatedException">
            <message>
              <![CDATA[session not created: This version of ChromeDriver only supports Chrome version 91
Current browser version is 95.0.4638.54 with binary path C:\Program Files\Google\Chrome\Application\chrome.exe
Build info: version: '3.141.59', revision: 'e82be7d358', time: '2018-11-14T08:17:03'
System info: host: 'DESKTOP-7H8BUQL', ip: '192.168.43.95', os.name: 'Windows 10', os.arch: 'amd64', os.version: '10.0', java.version: '1.8.0_261'
Driver info: driver.version: ChromeDriver
remote stacktrace: Backtrace:
Ordinal0 [0x00382DB3+2502067]
Ordinal0 [0x0031C5B1+2082225]
Ordinal0 [0x00222498+1057944]
Ordinal0 [0x002405DA+1181146]
Ordinal0 [0x0023C43C+1164348]
Ordinal0 [0x00239C73+1154163]
Ordinal0 [0x00269A22+1350178]
Ordinal0 [0x0026967A+1349242]
Ordinal0 [0x00265BEB+1334251]
Ordinal0 [0x00242174+1188212]
Ordinal0 [0x00243009+1191945]
GetHandleVerifier [0x004FEC5C+1511084]
GetHandleVerifier [0x005A8522+2205554]
GetHandleVerifier [0x00403393+480739]
GetHandleVerifier [0x00402579+477129]
Ordinal0 [0x00321E5D+2104925]
Ordinal0 [0x003263F8+2122744]
Ordinal0 [0x00326537+2123063]
Ordinal0 [0x0032EE53+2158163]
BaseThreadInitThunk [0x7601FA29+25]
RtlGetAppContainerNamedObjectPath [0x77127A9E+286]
RtlGetAppContainerNamedObjectPath [0x77127A6E+238]
]]>
            </message>
            <full-stacktrace>
              <![CDATA[org.openqa.selenium.SessionNotCreatedException: session not created: This version of ChromeDriver only supports Chrome version 91
Current browser version is 95.0.4638.54 with binary path C:\Program Files\Google\Chrome\Application\chrome.exe
Build info: version: '3.141.59', revision: 'e82be7d358', time: '2018-11-14T08:17:03'
System info: host: 'DESKTOP-7H8BUQL', ip: '192.168.43.95', os.name: 'Windows 10', os.arch: 'amd64', os.version: '10.0', java.version: '1.8.0_261'
Driver info: driver.version: ChromeDriver
remote stacktrace: Backtrace:
Ordinal0 [0x00382DB3+2502067]
Ordinal0 [0x0031C5B1+2082225]
Ordinal0 [0x00222498+1057944]
Ordinal0 [0x002405DA+1181146]
Ordinal0 [0x0023C43C+1164348]
Ordinal0 [0x00239C73+1154163]
Ordinal0 [0x00269A22+1350178]
Ordinal0 [0x0026967A+1349242]
Ordinal0 [0x00265BEB+1334251]
Ordinal0 [0x00242174+1188212]
Ordinal0 [0x00243009+1191945]
GetHandleVerifier [0x004FEC5C+1511084]
GetHandleVerifier [0x005A8522+2205554]
GetHandleVerifier [0x00403393+480739]
GetHandleVerifier [0x00402579+477129]
Ordinal0 [0x00321E5D+2104925]
Ordinal0 [0x003263F8+2122744]
Ordinal0 [0x00326537+2123063]
Ordinal0 [0x0032EE53+2158163]
BaseThreadInitThunk [0x7601FA29+25]
RtlGetAppContainerNamedObjectPath [0x77127A9E+286]
RtlGetAppContainerNamedObjectPath [0x77127A6E+238]

at sun.reflect.NativeConstructorAccessorImpl.newInstance0(Native Method)
at sun.reflect.NativeConstructorAccessorImpl.newInstance(NativeConstructorAccessorImpl.java:62)
at sun.reflect.DelegatingConstructorAccessorImpl.newInstance(DelegatingConstructorAccessorImpl.java:45)
at java.lang.reflect.Constructor.newInstance(Constructor.java:423)
at org.openqa.selenium.remote.W3CHandshakeResponse.lambda$errorHandler$0(W3CHandshakeResponse.java:62)
at org.openqa.selenium.remote.HandshakeResponse.lambda$getResponseFunction$0(HandshakeResponse.java:30)
at org.openqa.selenium.remote.ProtocolHandshake.lambda$createSession$0(ProtocolHandshake.java:126)
at java.util.stream.ReferencePipeline$3$1.accept(ReferencePipeline.java:193)
at java.util.Spliterators$ArraySpliterator.tryAdvance(Spliterators.java:958)
at java.util.stream.ReferencePipeline.forEachWithCancel(ReferencePipeline.java:126)
at java.util.stream.AbstractPipeline.copyIntoWithCancel(AbstractPipeline.java:499)
at java.util.stream.AbstractPipeline.copyInto(AbstractPipeline.java:486)
at java.util.stream.AbstractPipeline.wrapAndCopyInto(AbstractPipeline.java:472)
at java.util.stream.FindOps$FindOp.evaluateSequential(FindOps.java:152)
at java.util.stream.AbstractPipeline.evaluate(AbstractPipeline.java:234)
at java.util.stream.ReferencePipeline.findFirst(ReferencePipeline.java:464)
at org.openqa.selenium.remote.ProtocolHandshake.createSession(ProtocolHandshake.java:128)
at org.openqa.selenium.remote.ProtocolHandshake.createSession(ProtocolHandshake.java:74)
at org.openqa.selenium.remote.HttpCommandExecutor.execute(HttpCommandExecutor.java:136)
at org.openqa.selenium.remote.service.DriverCommandExecutor.execute(DriverCommandExecutor.java:83)
at org.openqa.selenium.remote.RemoteWebDriver.execute(RemoteWebDriver.java:552)
at org.openqa.selenium.remote.RemoteWebDriver.startSession(RemoteWebDriver.java:213)
at org.openqa.selenium.remote.RemoteWebDriver.<init>(RemoteWebDriver.java:131)
at org.openqa.selenium.chrome.ChromeDriver.<init>(ChromeDriver.java:181)
at org.openqa.selenium.chrome.ChromeDriver.<init>(ChromeDriver.java:168)
at org.openqa.selenium.chrome.ChromeDriver.<init>(ChromeDriver.java:157)
at com.konex.commonUtils.BaseClass.configureBeforeClass(BaseClass.java:77)
at sun.reflect.NativeMethodAccessorImpl.invoke0(Native Method)
at sun.reflect.NativeMethodAccessorImpl.invoke(NativeMethodAccessorImpl.java:62)
at sun.reflect.DelegatingMethodAccessorImpl.invoke(DelegatingMethodAccessorImpl.java:43)
at java.lang.reflect.Method.invoke(Method.java:498)
at org.testng.internal.MethodInvocationHelper.invokeMethod(MethodInvocationHelper.java:124)
at org.testng.internal.MethodInvocationHelper.invokeMethodConsideringTimeout(MethodInvocationHelper.java:59)
at org.testng.internal.Invoker.invokeConfigurationMethod(Invoker.java:458)
at org.testng.internal.Invoker.invokeConfigurations(Invoker.java:222)
at org.testng.internal.Invoker.invokeConfigurations(Invoker.java:142)
at org.testng.internal.TestMethodWorker.invokeBeforeClassMethods(TestMethodWorker.java:168)
at org.testng.internal.TestMethodWorker.run(TestMethodWorker.java:105)
at java.util.concurrent.ThreadPoolExecutor.runWorker(ThreadPoolExecutor.java:1149)
at java.util.concurrent.ThreadPoolExecutor$Worker.run(ThreadPoolExecutor.java:624)
at java.lang.Thread.run(Thread.java:748)
]]>
            </full-stacktrace>
          </exception> <!-- org.openqa.selenium.SessionNotCreatedException -->
          <reporter-output>
          </reporter-output>
        </test-method> <!-- configureBeforeClass -->
        <test-method status="SKIP" signature="configureBeforeMethod()[pri:0, instance:com.konexPos.customersTest.BarCodeScantest@123f1134]" name="configureBeforeMethod" is-config="true" duration-ms="0" started-at="2021-10-29T07:01:13Z" finished-at="2021-10-29T07:01:13Z">
          <reporter-output>
          </reporter-output>
        </test-method> <!-- configureBeforeMethod -->
        <test-method status="SKIP" signature="ConfigureAfterMethod()[pri:0, instance:com.konexPos.customersTest.BarCodeScantest@123f1134]" name="ConfigureAfterMethod" is-config="true" duration-ms="0" started-at="2021-10-29T07:01:13Z" finished-at="2021-10-29T07:01:13Z">
          <reporter-output>
          </reporter-output>
        </test-method> <!-- ConfigureAfterMethod -->
        <test-method status="SKIP" signature="barCodeScan()[pri:0, instance:com.konexPos.customersTest.BarCodeScantest@123f1134]" name="barCodeScan" duration-ms="0" started-at="2021-10-29T07:01:13Z" finished-at="2021-10-29T07:01:13Z">
          <exception class="org.openqa.selenium.SessionNotCreatedException">
            <message>
              <![CDATA[session not created: This version of ChromeDriver only supports Chrome version 91
Current browser version is 95.0.4638.54 with binary path C:\Program Files\Google\Chrome\Application\chrome.exe
Build info: version: '3.141.59', revision: 'e82be7d358', time: '2018-11-14T08:17:03'
System info: host: 'DESKTOP-7H8BUQL', ip: '192.168.43.95', os.name: 'Windows 10', os.arch: 'amd64', os.version: '10.0', java.version: '1.8.0_261'
Driver info: driver.version: ChromeDriver
remote stacktrace: Backtrace:
Ordinal0 [0x00382DB3+2502067]
Ordinal0 [0x0031C5B1+2082225]
Ordinal0 [0x00222498+1057944]
Ordinal0 [0x002405DA+1181146]
Ordinal0 [0x0023C43C+1164348]
Ordinal0 [0x00239C73+1154163]
Ordinal0 [0x00269A22+1350178]
Ordinal0 [0x0026967A+1349242]
Ordinal0 [0x00265BEB+1334251]
Ordinal0 [0x00242174+1188212]
Ordinal0 [0x00243009+1191945]
GetHandleVerifier [0x004FEC5C+1511084]
GetHandleVerifier [0x005A8522+2205554]
GetHandleVerifier [0x00403393+480739]
GetHandleVerifier [0x00402579+477129]
Ordinal0 [0x00321E5D+2104925]
Ordinal0 [0x003263F8+2122744]
Ordinal0 [0x00326537+2123063]
Ordinal0 [0x0032EE53+2158163]
BaseThreadInitThunk [0x7601FA29+25]
RtlGetAppContainerNamedObjectPath [0x77127A9E+286]
RtlGetAppContainerNamedObjectPath [0x77127A6E+238]
]]>
            </message>
            <full-stacktrace>
              <![CDATA[org.openqa.selenium.SessionNotCreatedException: session not created: This version of ChromeDriver only supports Chrome version 91
Current browser version is 95.0.4638.54 with binary path C:\Program Files\Google\Chrome\Application\chrome.exe
Build info: version: '3.141.59', revision: 'e82be7d358', time: '2018-11-14T08:17:03'
System info: host: 'DESKTOP-7H8BUQL', ip: '192.168.43.95', os.name: 'Windows 10', os.arch: 'amd64', os.version: '10.0', java.version: '1.8.0_261'
Driver info: driver.version: ChromeDriver
remote stacktrace: Backtrace:
Ordinal0 [0x00382DB3+2502067]
Ordinal0 [0x0031C5B1+2082225]
Ordinal0 [0x00222498+1057944]
Ordinal0 [0x002405DA+1181146]
Ordinal0 [0x0023C43C+1164348]
Ordinal0 [0x00239C73+1154163]
Ordinal0 [0x00269A22+1350178]
Ordinal0 [0x0026967A+1349242]
Ordinal0 [0x00265BEB+1334251]
Ordinal0 [0x00242174+1188212]
Ordinal0 [0x00243009+1191945]
GetHandleVerifier [0x004FEC5C+1511084]
GetHandleVerifier [0x005A8522+2205554]
GetHandleVerifier [0x00403393+480739]
GetHandleVerifier [0x00402579+477129]
Ordinal0 [0x00321E5D+2104925]
Ordinal0 [0x003263F8+2122744]
Ordinal0 [0x00326537+2123063]
Ordinal0 [0x0032EE53+2158163]
BaseThreadInitThunk [0x7601FA29+25]
RtlGetAppContainerNamedObjectPath [0x77127A9E+286]
RtlGetAppContainerNamedObjectPath [0x77127A6E+238]

at sun.reflect.NativeConstructorAccessorImpl.newInstance0(Native Method)
at sun.reflect.NativeConstructorAccessorImpl.newInstance(NativeConstructorAccessorImpl.java:62)
at sun.reflect.DelegatingConstructorAccessorImpl.newInstance(DelegatingConstructorAccessorImpl.java:45)
at java.lang.reflect.Constructor.newInstance(Constructor.java:423)
at org.openqa.selenium.remote.W3CHandshakeResponse.lambda$errorHandler$0(W3CHandshakeResponse.java:62)
at org.openqa.selenium.remote.HandshakeResponse.lambda$getResponseFunction$0(HandshakeResponse.java:30)
at org.openqa.selenium.remote.ProtocolHandshake.lambda$createSession$0(ProtocolHandshake.java:126)
at java.util.stream.ReferencePipeline$3$1.accept(ReferencePipeline.java:193)
at java.util.Spliterators$ArraySpliterator.tryAdvance(Spliterators.java:958)
at java.util.stream.ReferencePipeline.forEachWithCancel(ReferencePipeline.java:126)
at java.util.stream.AbstractPipeline.copyIntoWithCancel(AbstractPipeline.java:499)
at java.util.stream.AbstractPipeline.copyInto(AbstractPipeline.java:486)
at java.util.stream.AbstractPipeline.wrapAndCopyInto(AbstractPipeline.java:472)
at java.util.stream.FindOps$FindOp.evaluateSequential(FindOps.java:152)
at java.util.stream.AbstractPipeline.evaluate(AbstractPipeline.java:234)
at java.util.stream.ReferencePipeline.findFirst(ReferencePipeline.java:464)
at org.openqa.selenium.remote.ProtocolHandshake.createSession(ProtocolHandshake.java:128)
at org.openqa.selenium.remote.ProtocolHandshake.createSession(ProtocolHandshake.java:74)
at org.openqa.selenium.remote.HttpCommandExecutor.execute(HttpCommandExecutor.java:136)
at org.openqa.selenium.remote.service.DriverCommandExecutor.execute(DriverCommandExecutor.java:83)
at org.openqa.selenium.remote.RemoteWebDriver.execute(RemoteWebDriver.java:552)
at org.openqa.selenium.remote.RemoteWebDriver.startSession(RemoteWebDriver.java:213)
at org.openqa.selenium.remote.RemoteWebDriver.<init>(RemoteWebDriver.java:131)
at org.openqa.selenium.chrome.ChromeDriver.<init>(ChromeDriver.java:181)
at org.openqa.selenium.chrome.ChromeDriver.<init>(ChromeDriver.java:168)
at org.openqa.selenium.chrome.ChromeDriver.<init>(ChromeDriver.java:157)
at com.konex.commonUtils.BaseClass.configureBeforeClass(BaseClass.java:77)
at sun.reflect.NativeMethodAccessorImpl.invoke0(Native Method)
at sun.reflect.NativeMethodAccessorImpl.invoke(NativeMethodAccessorImpl.java:62)
at sun.reflect.DelegatingMethodAccessorImpl.invoke(DelegatingMethodAccessorImpl.java:43)
at java.lang.reflect.Method.invoke(Method.java:498)
at org.testng.internal.MethodInvocationHelper.invokeMethod(MethodInvocationHelper.java:124)
at org.testng.internal.MethodInvocationHelper.invokeMethodConsideringTimeout(MethodInvocationHelper.java:59)
at org.testng.internal.Invoker.invokeConfigurationMethod(Invoker.java:458)
at org.testng.internal.Invoker.invokeConfigurations(Invoker.java:222)
at org.testng.internal.Invoker.invokeConfigurations(Invoker.java:142)
at org.testng.internal.TestMethodWorker.invokeBeforeClassMethods(TestMethodWorker.java:168)
at org.testng.internal.TestMethodWorker.run(TestMethodWorker.java:105)
at java.util.concurrent.ThreadPoolExecutor.runWorker(ThreadPoolExecutor.java:1149)
at java.util.concurrent.ThreadPoolExecutor$Worker.run(ThreadPoolExecutor.java:624)
at java.lang.Thread.run(Thread.java:748)
]]>
            </full-stacktrace>
          </exception> <!-- org.openqa.selenium.SessionNotCreatedException -->
          <reporter-output>
          </reporter-output>
        </test-method> <!-- barCodeScan -->
        <test-method status="SKIP" signature="configAfterClass()[pri:0, instance:com.konexPos.customersTest.BarCodeScantest@123f1134]" name="configAfterClass" is-config="true" duration-ms="0" started-at="2021-10-29T07:01:13Z" finished-at="2021-10-29T07:01:13Z">
          <reporter-output>
          </reporter-output>
        </test-method> <!-- configAfterClass -->
        <test-method status="PASS" signature="configAfterSuite()[pri:0, instance:com.konexPos.customersTest.BarCodeScantest@123f1134]" name="configAfterSuite" is-config="true" duration-ms="1" started-at="2021-10-29T07:01:13Z" finished-at="2021-10-29T07:01:13Z">
          <reporter-output>
          </reporter-output>
        </test-method> <!-- configAfterSuite -->
      </class> <!-- com.konexPos.customersTest.BarCodeScantest -->
      <class name="com.konexPos.customersTest.AddCustomertest">
        <test-method status="FAIL" signature="configureBeforeClass()[pri:0, instance:com.konexPos.customersTest.AddCustomertest@7d68ef40]" name="configureBeforeClass" is-config="true" duration-ms="5231" started-at="2021-10-29T07:01:06Z" finished-at="2021-10-29T07:01:11Z">
          <exception class="org.openqa.selenium.SessionNotCreatedException">
            <message>
              <![CDATA[session not created: This version of ChromeDriver only supports Chrome version 91
Current browser version is 95.0.4638.54 with binary path C:\Program Files\Google\Chrome\Application\chrome.exe
Build info: version: '3.141.59', revision: 'e82be7d358', time: '2018-11-14T08:17:03'
System info: host: 'DESKTOP-7H8BUQL', ip: '192.168.43.95', os.name: 'Windows 10', os.arch: 'amd64', os.version: '10.0', java.version: '1.8.0_261'
Driver info: driver.version: ChromeDriver
remote stacktrace: Backtrace:
Ordinal0 [0x00382DB3+2502067]
Ordinal0 [0x0031C5B1+2082225]
Ordinal0 [0x00222498+1057944]
Ordinal0 [0x002405DA+1181146]
Ordinal0 [0x0023C43C+1164348]
Ordinal0 [0x00239C73+1154163]
Ordinal0 [0x00269A22+1350178]
Ordinal0 [0x0026967A+1349242]
Ordinal0 [0x00265BEB+1334251]
Ordinal0 [0x00242174+1188212]
Ordinal0 [0x00243009+1191945]
GetHandleVerifier [0x004FEC5C+1511084]
GetHandleVerifier [0x005A8522+2205554]
GetHandleVerifier [0x00403393+480739]
GetHandleVerifier [0x00402579+477129]
Ordinal0 [0x00321E5D+2104925]
Ordinal0 [0x003263F8+2122744]
Ordinal0 [0x00326537+2123063]
Ordinal0 [0x0032EE53+2158163]
BaseThreadInitThunk [0x7601FA29+25]
RtlGetAppContainerNamedObjectPath [0x77127A9E+286]
RtlGetAppContainerNamedObjectPath [0x77127A6E+238]
]]>
            </message>
            <full-stacktrace>
              <![CDATA[org.openqa.selenium.SessionNotCreatedException: session not created: This version of ChromeDriver only supports Chrome version 91
Current browser version is 95.0.4638.54 with binary path C:\Program Files\Google\Chrome\Application\chrome.exe
Build info: version: '3.141.59', revision: 'e82be7d358', time: '2018-11-14T08:17:03'
System info: host: 'DESKTOP-7H8BUQL', ip: '192.168.43.95', os.name: 'Windows 10', os.arch: 'amd64', os.version: '10.0', java.version: '1.8.0_261'
Driver info: driver.version: ChromeDriver
remote stacktrace: Backtrace:
Ordinal0 [0x00382DB3+2502067]
Ordinal0 [0x0031C5B1+2082225]
Ordinal0 [0x00222498+1057944]
Ordinal0 [0x002405DA+1181146]
Ordinal0 [0x0023C43C+1164348]
Ordinal0 [0x00239C73+1154163]
Ordinal0 [0x00269A22+1350178]
Ordinal0 [0x0026967A+1349242]
Ordinal0 [0x00265BEB+1334251]
Ordinal0 [0x00242174+1188212]
Ordinal0 [0x00243009+1191945]
GetHandleVerifier [0x004FEC5C+1511084]
GetHandleVerifier [0x005A8522+2205554]
GetHandleVerifier [0x00403393+480739]
GetHandleVerifier [0x00402579+477129]
Ordinal0 [0x00321E5D+2104925]
Ordinal0 [0x003263F8+2122744]
Ordinal0 [0x00326537+2123063]
Ordinal0 [0x0032EE53+2158163]
BaseThreadInitThunk [0x7601FA29+25]
RtlGetAppContainerNamedObjectPath [0x77127A9E+286]
RtlGetAppContainerNamedObjectPath [0x77127A6E+238]

at sun.reflect.NativeConstructorAccessorImpl.newInstance0(Native Method)
at sun.reflect.NativeConstructorAccessorImpl.newInstance(NativeConstructorAccessorImpl.java:62)
at sun.reflect.DelegatingConstructorAccessorImpl.newInstance(DelegatingConstructorAccessorImpl.java:45)
at java.lang.reflect.Constructor.newInstance(Constructor.java:423)
at org.openqa.selenium.remote.W3CHandshakeResponse.lambda$errorHandler$0(W3CHandshakeResponse.java:62)
at org.openqa.selenium.remote.HandshakeResponse.lambda$getResponseFunction$0(HandshakeResponse.java:30)
at org.openqa.selenium.remote.ProtocolHandshake.lambda$createSession$0(ProtocolHandshake.java:126)
at java.util.stream.ReferencePipeline$3$1.accept(ReferencePipeline.java:193)
at java.util.Spliterators$ArraySpliterator.tryAdvance(Spliterators.java:958)
at java.util.stream.ReferencePipeline.forEachWithCancel(ReferencePipeline.java:126)
at java.util.stream.AbstractPipeline.copyIntoWithCancel(AbstractPipeline.java:499)
at java.util.stream.AbstractPipeline.copyInto(AbstractPipeline.java:486)
at java.util.stream.AbstractPipeline.wrapAndCopyInto(AbstractPipeline.java:472)
at java.util.stream.FindOps$FindOp.evaluateSequential(FindOps.java:152)
at java.util.stream.AbstractPipeline.evaluate(AbstractPipeline.java:234)
at java.util.stream.ReferencePipeline.findFirst(ReferencePipeline.java:464)
at org.openqa.selenium.remote.ProtocolHandshake.createSession(ProtocolHandshake.java:128)
at org.openqa.selenium.remote.ProtocolHandshake.createSession(ProtocolHandshake.java:74)
at org.openqa.selenium.remote.HttpCommandExecutor.execute(HttpCommandExecutor.java:136)
at org.openqa.selenium.remote.service.DriverCommandExecutor.execute(DriverCommandExecutor.java:83)
at org.openqa.selenium.remote.RemoteWebDriver.execute(RemoteWebDriver.java:552)
at org.openqa.selenium.remote.RemoteWebDriver.startSession(RemoteWebDriver.java:213)
at org.openqa.selenium.remote.RemoteWebDriver.<init>(RemoteWebDriver.java:131)
at org.openqa.selenium.chrome.ChromeDriver.<init>(ChromeDriver.java:181)
at org.openqa.selenium.chrome.ChromeDriver.<init>(ChromeDriver.java:168)
at org.openqa.selenium.chrome.ChromeDriver.<init>(ChromeDriver.java:157)
at com.konex.commonUtils.BaseClass.configureBeforeClass(BaseClass.java:77)
at sun.reflect.NativeMethodAccessorImpl.invoke0(Native Method)
at sun.reflect.NativeMethodAccessorImpl.invoke(NativeMethodAccessorImpl.java:62)
at sun.reflect.DelegatingMethodAccessorImpl.invoke(DelegatingMethodAccessorImpl.java:43)
at java.lang.reflect.Method.invoke(Method.java:498)
at org.testng.internal.MethodInvocationHelper.invokeMethod(MethodInvocationHelper.java:124)
at org.testng.internal.MethodInvocationHelper.invokeMethodConsideringTimeout(MethodInvocationHelper.java:59)
at org.testng.internal.Invoker.invokeConfigurationMethod(Invoker.java:458)
at org.testng.internal.Invoker.invokeConfigurations(Invoker.java:222)
at org.testng.internal.Invoker.invokeConfigurations(Invoker.java:142)
at org.testng.internal.TestMethodWorker.invokeBeforeClassMethods(TestMethodWorker.java:168)
at org.testng.internal.TestMethodWorker.run(TestMethodWorker.java:105)
at java.util.concurrent.ThreadPoolExecutor.runWorker(ThreadPoolExecutor.java:1149)
at java.util.concurrent.ThreadPoolExecutor$Worker.run(ThreadPoolExecutor.java:624)
at java.lang.Thread.run(Thread.java:748)
]]>
            </full-stacktrace>
          </exception> <!-- org.openqa.selenium.SessionNotCreatedException -->
          <reporter-output>
          </reporter-output>
        </test-method> <!-- configureBeforeClass -->
        <test-method status="SKIP" signature="configureBeforeMethod()[pri:0, instance:com.konexPos.customersTest.AddCustomertest@7d68ef40]" name="configureBeforeMethod" is-config="true" duration-ms="0" started-at="2021-10-29T07:01:11Z" finished-at="2021-10-29T07:01:11Z">
          <reporter-output>
          </reporter-output>
        </test-method> <!-- configureBeforeMethod -->
        <test-method status="SKIP" signature="createCustomer()[pri:0, instance:com.konexPos.customersTest.AddCustomertest@7d68ef40]" name="createCustomer" duration-ms="0" started-at="2021-10-29T07:01:11Z" finished-at="2021-10-29T07:01:11Z">
          <exception class="org.openqa.selenium.SessionNotCreatedException">
            <message>
              <![CDATA[session not created: This version of ChromeDriver only supports Chrome version 91
Current browser version is 95.0.4638.54 with binary path C:\Program Files\Google\Chrome\Application\chrome.exe
Build info: version: '3.141.59', revision: 'e82be7d358', time: '2018-11-14T08:17:03'
System info: host: 'DESKTOP-7H8BUQL', ip: '192.168.43.95', os.name: 'Windows 10', os.arch: 'amd64', os.version: '10.0', java.version: '1.8.0_261'
Driver info: driver.version: ChromeDriver
remote stacktrace: Backtrace:
Ordinal0 [0x00382DB3+2502067]
Ordinal0 [0x0031C5B1+2082225]
Ordinal0 [0x00222498+1057944]
Ordinal0 [0x002405DA+1181146]
Ordinal0 [0x0023C43C+1164348]
Ordinal0 [0x00239C73+1154163]
Ordinal0 [0x00269A22+1350178]
Ordinal0 [0x0026967A+1349242]
Ordinal0 [0x00265BEB+1334251]
Ordinal0 [0x00242174+1188212]
Ordinal0 [0x00243009+1191945]
GetHandleVerifier [0x004FEC5C+1511084]
GetHandleVerifier [0x005A8522+2205554]
GetHandleVerifier [0x00403393+480739]
GetHandleVerifier [0x00402579+477129]
Ordinal0 [0x00321E5D+2104925]
Ordinal0 [0x003263F8+2122744]
Ordinal0 [0x00326537+2123063]
Ordinal0 [0x0032EE53+2158163]
BaseThreadInitThunk [0x7601FA29+25]
RtlGetAppContainerNamedObjectPath [0x77127A9E+286]
RtlGetAppContainerNamedObjectPath [0x77127A6E+238]
]]>
            </message>
            <full-stacktrace>
              <![CDATA[org.openqa.selenium.SessionNotCreatedException: session not created: This version of ChromeDriver only supports Chrome version 91
Current browser version is 95.0.4638.54 with binary path C:\Program Files\Google\Chrome\Application\chrome.exe
Build info: version: '3.141.59', revision: 'e82be7d358', time: '2018-11-14T08:17:03'
System info: host: 'DESKTOP-7H8BUQL', ip: '192.168.43.95', os.name: 'Windows 10', os.arch: 'amd64', os.version: '10.0', java.version: '1.8.0_261'
Driver info: driver.version: ChromeDriver
remote stacktrace: Backtrace:
Ordinal0 [0x00382DB3+2502067]
Ordinal0 [0x0031C5B1+2082225]
Ordinal0 [0x00222498+1057944]
Ordinal0 [0x002405DA+1181146]
Ordinal0 [0x0023C43C+1164348]
Ordinal0 [0x00239C73+1154163]
Ordinal0 [0x00269A22+1350178]
Ordinal0 [0x0026967A+1349242]
Ordinal0 [0x00265BEB+1334251]
Ordinal0 [0x00242174+1188212]
Ordinal0 [0x00243009+1191945]
GetHandleVerifier [0x004FEC5C+1511084]
GetHandleVerifier [0x005A8522+2205554]
GetHandleVerifier [0x00403393+480739]
GetHandleVerifier [0x00402579+477129]
Ordinal0 [0x00321E5D+2104925]
Ordinal0 [0x003263F8+2122744]
Ordinal0 [0x00326537+2123063]
Ordinal0 [0x0032EE53+2158163]
BaseThreadInitThunk [0x7601FA29+25]
RtlGetAppContainerNamedObjectPath [0x77127A9E+286]
RtlGetAppContainerNamedObjectPath [0x77127A6E+238]

at sun.reflect.NativeConstructorAccessorImpl.newInstance0(Native Method)
at sun.reflect.NativeConstructorAccessorImpl.newInstance(NativeConstructorAccessorImpl.java:62)
at sun.reflect.DelegatingConstructorAccessorImpl.newInstance(DelegatingConstructorAccessorImpl.java:45)
at java.lang.reflect.Constructor.newInstance(Constructor.java:423)
at org.openqa.selenium.remote.W3CHandshakeResponse.lambda$errorHandler$0(W3CHandshakeResponse.java:62)
at org.openqa.selenium.remote.HandshakeResponse.lambda$getResponseFunction$0(HandshakeResponse.java:30)
at org.openqa.selenium.remote.ProtocolHandshake.lambda$createSession$0(ProtocolHandshake.java:126)
at java.util.stream.ReferencePipeline$3$1.accept(ReferencePipeline.java:193)
at java.util.Spliterators$ArraySpliterator.tryAdvance(Spliterators.java:958)
at java.util.stream.ReferencePipeline.forEachWithCancel(ReferencePipeline.java:126)
at java.util.stream.AbstractPipeline.copyIntoWithCancel(AbstractPipeline.java:499)
at java.util.stream.AbstractPipeline.copyInto(AbstractPipeline.java:486)
at java.util.stream.AbstractPipeline.wrapAndCopyInto(AbstractPipeline.java:472)
at java.util.stream.FindOps$FindOp.evaluateSequential(FindOps.java:152)
at java.util.stream.AbstractPipeline.evaluate(AbstractPipeline.java:234)
at java.util.stream.ReferencePipeline.findFirst(ReferencePipeline.java:464)
at org.openqa.selenium.remote.ProtocolHandshake.createSession(ProtocolHandshake.java:128)
at org.openqa.selenium.remote.ProtocolHandshake.createSession(ProtocolHandshake.java:74)
at org.openqa.selenium.remote.HttpCommandExecutor.execute(HttpCommandExecutor.java:136)
at org.openqa.selenium.remote.service.DriverCommandExecutor.execute(DriverCommandExecutor.java:83)
at org.openqa.selenium.remote.RemoteWebDriver.execute(RemoteWebDriver.java:552)
at org.openqa.selenium.remote.RemoteWebDriver.startSession(RemoteWebDriver.java:213)
at org.openqa.selenium.remote.RemoteWebDriver.<init>(RemoteWebDriver.java:131)
at org.openqa.selenium.chrome.ChromeDriver.<init>(ChromeDriver.java:181)
at org.openqa.selenium.chrome.ChromeDriver.<init>(ChromeDriver.java:168)
at org.openqa.selenium.chrome.ChromeDriver.<init>(ChromeDriver.java:157)
at com.konex.commonUtils.BaseClass.configureBeforeClass(BaseClass.java:77)
at sun.reflect.NativeMethodAccessorImpl.invoke0(Native Method)
at sun.reflect.NativeMethodAccessorImpl.invoke(NativeMethodAccessorImpl.java:62)
at sun.reflect.DelegatingMethodAccessorImpl.invoke(DelegatingMethodAccessorImpl.java:43)
at java.lang.reflect.Method.invoke(Method.java:498)
at org.testng.internal.MethodInvocationHelper.invokeMethod(MethodInvocationHelper.java:124)
at org.testng.internal.MethodInvocationHelper.invokeMethodConsideringTimeout(MethodInvocationHelper.java:59)
at org.testng.internal.Invoker.invokeConfigurationMethod(Invoker.java:458)
at org.testng.internal.Invoker.invokeConfigurations(Invoker.java:222)
at org.testng.internal.Invoker.invokeConfigurations(Invoker.java:142)
at org.testng.internal.TestMethodWorker.invokeBeforeClassMethods(TestMethodWorker.java:168)
at org.testng.internal.TestMethodWorker.run(TestMethodWorker.java:105)
at java.util.concurrent.ThreadPoolExecutor.runWorker(ThreadPoolExecutor.java:1149)
at java.util.concurrent.ThreadPoolExecutor$Worker.run(ThreadPoolExecutor.java:624)
at java.lang.Thread.run(Thread.java:748)
]]>
            </full-stacktrace>
          </exception> <!-- org.openqa.selenium.SessionNotCreatedException -->
          <reporter-output>
          </reporter-output>
        </test-method> <!-- createCustomer -->
        <test-method status="SKIP" signature="ConfigureAfterMethod()[pri:0, instance:com.konexPos.customersTest.AddCustomertest@7d68ef40]" name="ConfigureAfterMethod" is-config="true" duration-ms="0" started-at="2021-10-29T07:01:11Z" finished-at="2021-10-29T07:01:11Z">
          <reporter-output>
          </reporter-output>
        </test-method> <!-- ConfigureAfterMethod -->
        <test-method status="SKIP" signature="configAfterClass()[pri:0, instance:com.konexPos.customersTest.AddCustomertest@7d68ef40]" name="configAfterClass" is-config="true" duration-ms="0" started-at="2021-10-29T07:01:11Z" finished-at="2021-10-29T07:01:11Z">
          <reporter-output>
          </reporter-output>
        </test-method> <!-- configAfterClass -->
      </class> <!-- com.konexPos.customersTest.AddCustomertest -->
      <class name="com.konexPos.customersTest.OrderPlaceAtPosScreentest">
        <test-method status="FAIL" signature="configureBeforeClass()[pri:0, instance:com.konexPos.customersTest.OrderPlaceAtPosScreentest@5b0abc94]" name="configureBeforeClass" is-config="true" duration-ms="5324" started-at="2021-10-29T07:01:06Z" finished-at="2021-10-29T07:01:11Z">
          <exception class="org.openqa.selenium.SessionNotCreatedException">
            <message>
              <![CDATA[session not created: This version of ChromeDriver only supports Chrome version 91
Current browser version is 95.0.4638.54 with binary path C:\Program Files\Google\Chrome\Application\chrome.exe
Build info: version: '3.141.59', revision: 'e82be7d358', time: '2018-11-14T08:17:03'
System info: host: 'DESKTOP-7H8BUQL', ip: '192.168.43.95', os.name: 'Windows 10', os.arch: 'amd64', os.version: '10.0', java.version: '1.8.0_261'
Driver info: driver.version: ChromeDriver
remote stacktrace: Backtrace:
Ordinal0 [0x00382DB3+2502067]
Ordinal0 [0x0031C5B1+2082225]
Ordinal0 [0x00222498+1057944]
Ordinal0 [0x002405DA+1181146]
Ordinal0 [0x0023C43C+1164348]
Ordinal0 [0x00239C73+1154163]
Ordinal0 [0x00269A22+1350178]
Ordinal0 [0x0026967A+1349242]
Ordinal0 [0x00265BEB+1334251]
Ordinal0 [0x00242174+1188212]
Ordinal0 [0x00243009+1191945]
GetHandleVerifier [0x004FEC5C+1511084]
GetHandleVerifier [0x005A8522+2205554]
GetHandleVerifier [0x00403393+480739]
GetHandleVerifier [0x00402579+477129]
Ordinal0 [0x00321E5D+2104925]
Ordinal0 [0x003263F8+2122744]
Ordinal0 [0x00326537+2123063]
Ordinal0 [0x0032EE53+2158163]
BaseThreadInitThunk [0x7601FA29+25]
RtlGetAppContainerNamedObjectPath [0x77127A9E+286]
RtlGetAppContainerNamedObjectPath [0x77127A6E+238]
]]>
            </message>
            <full-stacktrace>
              <![CDATA[org.openqa.selenium.SessionNotCreatedException: session not created: This version of ChromeDriver only supports Chrome version 91
Current browser version is 95.0.4638.54 with binary path C:\Program Files\Google\Chrome\Application\chrome.exe
Build info: version: '3.141.59', revision: 'e82be7d358', time: '2018-11-14T08:17:03'
System info: host: 'DESKTOP-7H8BUQL', ip: '192.168.43.95', os.name: 'Windows 10', os.arch: 'amd64', os.version: '10.0', java.version: '1.8.0_261'
Driver info: driver.version: ChromeDriver
remote stacktrace: Backtrace:
Ordinal0 [0x00382DB3+2502067]
Ordinal0 [0x0031C5B1+2082225]
Ordinal0 [0x00222498+1057944]
Ordinal0 [0x002405DA+1181146]
Ordinal0 [0x0023C43C+1164348]
Ordinal0 [0x00239C73+1154163]
Ordinal0 [0x00269A22+1350178]
Ordinal0 [0x0026967A+1349242]
Ordinal0 [0x00265BEB+1334251]
Ordinal0 [0x00242174+1188212]
Ordinal0 [0x00243009+1191945]
GetHandleVerifier [0x004FEC5C+1511084]
GetHandleVerifier [0x005A8522+2205554]
GetHandleVerifier [0x00403393+480739]
GetHandleVerifier [0x00402579+477129]
Ordinal0 [0x00321E5D+2104925]
Ordinal0 [0x003263F8+2122744]
Ordinal0 [0x00326537+2123063]
Ordinal0 [0x0032EE53+2158163]
BaseThreadInitThunk [0x7601FA29+25]
RtlGetAppContainerNamedObjectPath [0x77127A9E+286]
RtlGetAppContainerNamedObjectPath [0x77127A6E+238]

at sun.reflect.NativeConstructorAccessorImpl.newInstance0(Native Method)
at sun.reflect.NativeConstructorAccessorImpl.newInstance(NativeConstructorAccessorImpl.java:62)
at sun.reflect.DelegatingConstructorAccessorImpl.newInstance(DelegatingConstructorAccessorImpl.java:45)
at java.lang.reflect.Constructor.newInstance(Constructor.java:423)
at org.openqa.selenium.remote.W3CHandshakeResponse.lambda$errorHandler$0(W3CHandshakeResponse.java:62)
at org.openqa.selenium.remote.HandshakeResponse.lambda$getResponseFunction$0(HandshakeResponse.java:30)
at org.openqa.selenium.remote.ProtocolHandshake.lambda$createSession$0(ProtocolHandshake.java:126)
at java.util.stream.ReferencePipeline$3$1.accept(ReferencePipeline.java:193)
at java.util.Spliterators$ArraySpliterator.tryAdvance(Spliterators.java:958)
at java.util.stream.ReferencePipeline.forEachWithCancel(ReferencePipeline.java:126)
at java.util.stream.AbstractPipeline.copyIntoWithCancel(AbstractPipeline.java:499)
at java.util.stream.AbstractPipeline.copyInto(AbstractPipeline.java:486)
at java.util.stream.AbstractPipeline.wrapAndCopyInto(AbstractPipeline.java:472)
at java.util.stream.FindOps$FindOp.evaluateSequential(FindOps.java:152)
at java.util.stream.AbstractPipeline.evaluate(AbstractPipeline.java:234)
at java.util.stream.ReferencePipeline.findFirst(ReferencePipeline.java:464)
at org.openqa.selenium.remote.ProtocolHandshake.createSession(ProtocolHandshake.java:128)
at org.openqa.selenium.remote.ProtocolHandshake.createSession(ProtocolHandshake.java:74)
at org.openqa.selenium.remote.HttpCommandExecutor.execute(HttpCommandExecutor.java:136)
at org.openqa.selenium.remote.service.DriverCommandExecutor.execute(DriverCommandExecutor.java:83)
at org.openqa.selenium.remote.RemoteWebDriver.execute(RemoteWebDriver.java:552)
at org.openqa.selenium.remote.RemoteWebDriver.startSession(RemoteWebDriver.java:213)
at org.openqa.selenium.remote.RemoteWebDriver.<init>(RemoteWebDriver.java:131)
at org.openqa.selenium.chrome.ChromeDriver.<init>(ChromeDriver.java:181)
at org.openqa.selenium.chrome.ChromeDriver.<init>(ChromeDriver.java:168)
at org.openqa.selenium.chrome.ChromeDriver.<init>(ChromeDriver.java:157)
at com.konex.commonUtils.BaseClass.configureBeforeClass(BaseClass.java:77)
at sun.reflect.NativeMethodAccessorImpl.invoke0(Native Method)
at sun.reflect.NativeMethodAccessorImpl.invoke(NativeMethodAccessorImpl.java:62)
at sun.reflect.DelegatingMethodAccessorImpl.invoke(DelegatingMethodAccessorImpl.java:43)
at java.lang.reflect.Method.invoke(Method.java:498)
at org.testng.internal.MethodInvocationHelper.invokeMethod(MethodInvocationHelper.java:124)
at org.testng.internal.MethodInvocationHelper.invokeMethodConsideringTimeout(MethodInvocationHelper.java:59)
at org.testng.internal.Invoker.invokeConfigurationMethod(Invoker.java:458)
at org.testng.internal.Invoker.invokeConfigurations(Invoker.java:222)
at org.testng.internal.Invoker.invokeConfigurations(Invoker.java:142)
at org.testng.internal.TestMethodWorker.invokeBeforeClassMethods(TestMethodWorker.java:168)
at org.testng.internal.TestMethodWorker.run(TestMethodWorker.java:105)
at java.util.concurrent.ThreadPoolExecutor.runWorker(ThreadPoolExecutor.java:1149)
at java.util.concurrent.ThreadPoolExecutor$Worker.run(ThreadPoolExecutor.java:624)
at java.lang.Thread.run(Thread.java:748)
]]>
            </full-stacktrace>
          </exception> <!-- org.openqa.selenium.SessionNotCreatedException -->
          <reporter-output>
          </reporter-output>
        </test-method> <!-- configureBeforeClass -->
        <test-method status="SKIP" signature="configureBeforeMethod()[pri:0, instance:com.konexPos.customersTest.OrderPlaceAtPosScreentest@5b0abc94]" name="configureBeforeMethod" is-config="true" duration-ms="0" started-at="2021-10-29T07:01:11Z" finished-at="2021-10-29T07:01:11Z">
          <reporter-output>
          </reporter-output>
        </test-method> <!-- configureBeforeMethod -->
        <test-method status="SKIP" signature="addCustomer()[pri:0, instance:com.konexPos.customersTest.OrderPlaceAtPosScreentest@5b0abc94]" name="addCustomer" duration-ms="0" started-at="2021-10-29T07:01:11Z" finished-at="2021-10-29T07:01:11Z">
          <exception class="org.openqa.selenium.SessionNotCreatedException">
            <message>
              <![CDATA[session not created: This version of ChromeDriver only supports Chrome version 91
Current browser version is 95.0.4638.54 with binary path C:\Program Files\Google\Chrome\Application\chrome.exe
Build info: version: '3.141.59', revision: 'e82be7d358', time: '2018-11-14T08:17:03'
System info: host: 'DESKTOP-7H8BUQL', ip: '192.168.43.95', os.name: 'Windows 10', os.arch: 'amd64', os.version: '10.0', java.version: '1.8.0_261'
Driver info: driver.version: ChromeDriver
remote stacktrace: Backtrace:
Ordinal0 [0x00382DB3+2502067]
Ordinal0 [0x0031C5B1+2082225]
Ordinal0 [0x00222498+1057944]
Ordinal0 [0x002405DA+1181146]
Ordinal0 [0x0023C43C+1164348]
Ordinal0 [0x00239C73+1154163]
Ordinal0 [0x00269A22+1350178]
Ordinal0 [0x0026967A+1349242]
Ordinal0 [0x00265BEB+1334251]
Ordinal0 [0x00242174+1188212]
Ordinal0 [0x00243009+1191945]
GetHandleVerifier [0x004FEC5C+1511084]
GetHandleVerifier [0x005A8522+2205554]
GetHandleVerifier [0x00403393+480739]
GetHandleVerifier [0x00402579+477129]
Ordinal0 [0x00321E5D+2104925]
Ordinal0 [0x003263F8+2122744]
Ordinal0 [0x00326537+2123063]
Ordinal0 [0x0032EE53+2158163]
BaseThreadInitThunk [0x7601FA29+25]
RtlGetAppContainerNamedObjectPath [0x77127A9E+286]
RtlGetAppContainerNamedObjectPath [0x77127A6E+238]
]]>
            </message>
            <full-stacktrace>
              <![CDATA[org.openqa.selenium.SessionNotCreatedException: session not created: This version of ChromeDriver only supports Chrome version 91
Current browser version is 95.0.4638.54 with binary path C:\Program Files\Google\Chrome\Application\chrome.exe
Build info: version: '3.141.59', revision: 'e82be7d358', time: '2018-11-14T08:17:03'
System info: host: 'DESKTOP-7H8BUQL', ip: '192.168.43.95', os.name: 'Windows 10', os.arch: 'amd64', os.version: '10.0', java.version: '1.8.0_261'
Driver info: driver.version: ChromeDriver
remote stacktrace: Backtrace:
Ordinal0 [0x00382DB3+2502067]
Ordinal0 [0x0031C5B1+2082225]
Ordinal0 [0x00222498+1057944]
Ordinal0 [0x002405DA+1181146]
Ordinal0 [0x0023C43C+1164348]
Ordinal0 [0x00239C73+1154163]
Ordinal0 [0x00269A22+1350178]
Ordinal0 [0x0026967A+1349242]
Ordinal0 [0x00265BEB+1334251]
Ordinal0 [0x00242174+1188212]
Ordinal0 [0x00243009+1191945]
GetHandleVerifier [0x004FEC5C+1511084]
GetHandleVerifier [0x005A8522+2205554]
GetHandleVerifier [0x00403393+480739]
GetHandleVerifier [0x00402579+477129]
Ordinal0 [0x00321E5D+2104925]
Ordinal0 [0x003263F8+2122744]
Ordinal0 [0x00326537+2123063]
Ordinal0 [0x0032EE53+2158163]
BaseThreadInitThunk [0x7601FA29+25]
RtlGetAppContainerNamedObjectPath [0x77127A9E+286]
RtlGetAppContainerNamedObjectPath [0x77127A6E+238]

at sun.reflect.NativeConstructorAccessorImpl.newInstance0(Native Method)
at sun.reflect.NativeConstructorAccessorImpl.newInstance(NativeConstructorAccessorImpl.java:62)
at sun.reflect.DelegatingConstructorAccessorImpl.newInstance(DelegatingConstructorAccessorImpl.java:45)
at java.lang.reflect.Constructor.newInstance(Constructor.java:423)
at org.openqa.selenium.remote.W3CHandshakeResponse.lambda$errorHandler$0(W3CHandshakeResponse.java:62)
at org.openqa.selenium.remote.HandshakeResponse.lambda$getResponseFunction$0(HandshakeResponse.java:30)
at org.openqa.selenium.remote.ProtocolHandshake.lambda$createSession$0(ProtocolHandshake.java:126)
at java.util.stream.ReferencePipeline$3$1.accept(ReferencePipeline.java:193)
at java.util.Spliterators$ArraySpliterator.tryAdvance(Spliterators.java:958)
at java.util.stream.ReferencePipeline.forEachWithCancel(ReferencePipeline.java:126)
at java.util.stream.AbstractPipeline.copyIntoWithCancel(AbstractPipeline.java:499)
at java.util.stream.AbstractPipeline.copyInto(AbstractPipeline.java:486)
at java.util.stream.AbstractPipeline.wrapAndCopyInto(AbstractPipeline.java:472)
at java.util.stream.FindOps$FindOp.evaluateSequential(FindOps.java:152)
at java.util.stream.AbstractPipeline.evaluate(AbstractPipeline.java:234)
at java.util.stream.ReferencePipeline.findFirst(ReferencePipeline.java:464)
at org.openqa.selenium.remote.ProtocolHandshake.createSession(ProtocolHandshake.java:128)
at org.openqa.selenium.remote.ProtocolHandshake.createSession(ProtocolHandshake.java:74)
at org.openqa.selenium.remote.HttpCommandExecutor.execute(HttpCommandExecutor.java:136)
at org.openqa.selenium.remote.service.DriverCommandExecutor.execute(DriverCommandExecutor.java:83)
at org.openqa.selenium.remote.RemoteWebDriver.execute(RemoteWebDriver.java:552)
at org.openqa.selenium.remote.RemoteWebDriver.startSession(RemoteWebDriver.java:213)
at org.openqa.selenium.remote.RemoteWebDriver.<init>(RemoteWebDriver.java:131)
at org.openqa.selenium.chrome.ChromeDriver.<init>(ChromeDriver.java:181)
at org.openqa.selenium.chrome.ChromeDriver.<init>(ChromeDriver.java:168)
at org.openqa.selenium.chrome.ChromeDriver.<init>(ChromeDriver.java:157)
at com.konex.commonUtils.BaseClass.configureBeforeClass(BaseClass.java:77)
at sun.reflect.NativeMethodAccessorImpl.invoke0(Native Method)
at sun.reflect.NativeMethodAccessorImpl.invoke(NativeMethodAccessorImpl.java:62)
at sun.reflect.DelegatingMethodAccessorImpl.invoke(DelegatingMethodAccessorImpl.java:43)
at java.lang.reflect.Method.invoke(Method.java:498)
at org.testng.internal.MethodInvocationHelper.invokeMethod(MethodInvocationHelper.java:124)
at org.testng.internal.MethodInvocationHelper.invokeMethodConsideringTimeout(MethodInvocationHelper.java:59)
at org.testng.internal.Invoker.invokeConfigurationMethod(Invoker.java:458)
at org.testng.internal.Invoker.invokeConfigurations(Invoker.java:222)
at org.testng.internal.Invoker.invokeConfigurations(Invoker.java:142)
at org.testng.internal.TestMethodWorker.invokeBeforeClassMethods(TestMethodWorker.java:168)
at org.testng.internal.TestMethodWorker.run(TestMethodWorker.java:105)
at java.util.concurrent.ThreadPoolExecutor.runWorker(ThreadPoolExecutor.java:1149)
at java.util.concurrent.ThreadPoolExecutor$Worker.run(ThreadPoolExecutor.java:624)
at java.lang.Thread.run(Thread.java:748)
]]>
            </full-stacktrace>
          </exception> <!-- org.openqa.selenium.SessionNotCreatedException -->
          <reporter-output>
          </reporter-output>
        </test-method> <!-- addCustomer -->
        <test-method status="SKIP" signature="ConfigureAfterMethod()[pri:0, instance:com.konexPos.customersTest.OrderPlaceAtPosScreentest@5b0abc94]" name="ConfigureAfterMethod" is-config="true" duration-ms="0" started-at="2021-10-29T07:01:11Z" finished-at="2021-10-29T07:01:11Z">
          <reporter-output>
          </reporter-output>
        </test-method> <!-- ConfigureAfterMethod -->
        <test-method status="SKIP" signature="configAfterClass()[pri:0, instance:com.konexPos.customersTest.OrderPlaceAtPosScreentest@5b0abc94]" name="configAfterClass" is-config="true" duration-ms="0" started-at="2021-10-29T07:01:11Z" finished-at="2021-10-29T07:01:11Z">
          <reporter-output>
          </reporter-output>
        </test-method> <!-- configAfterClass -->
        <test-method status="SKIP" signature="verifyOrderPlaced()[pri:0, instance:com.konexPos.customersTest.OrderPlaceAtPosScreentest@5b0abc94]" name="verifyOrderPlaced" duration-ms="0" started-at="2021-10-29T07:01:11Z" depends-on-methods="com.konexPos.customersTest.OrderPlaceAtPosScreentest.addCustomer" finished-at="2021-10-29T07:01:11Z">
          <exception class="java.lang.Throwable">
            <message>
              <![CDATA[Method OrderPlaceAtPosScreentest.verifyOrderPlaced()[pri:0, instance:com.konexPos.customersTest.OrderPlaceAtPosScreentest@5b0abc94] depends on not successfully finished methods]]>
            </message>
            <full-stacktrace>
              <![CDATA[java.lang.Throwable: Method OrderPlaceAtPosScreentest.verifyOrderPlaced()[pri:0, instance:com.konexPos.customersTest.OrderPlaceAtPosScreentest@5b0abc94] depends on not successfully finished methods
at org.testng.internal.Invoker.invokeTestMethods(Invoker.java:888)
at org.testng.internal.TestMethodWorker.invokeTestMethods(TestMethodWorker.java:125)
at org.testng.internal.TestMethodWorker.run(TestMethodWorker.java:109)
at java.util.concurrent.ThreadPoolExecutor.runWorker(ThreadPoolExecutor.java:1149)
at java.util.concurrent.ThreadPoolExecutor$Worker.run(ThreadPoolExecutor.java:624)
at java.lang.Thread.run(Thread.java:748)
]]>
            </full-stacktrace>
          </exception> <!-- java.lang.Throwable -->
          <reporter-output>
          </reporter-output>
        </test-method> <!-- verifyOrderPlaced -->
      </class> <!-- com.konexPos.customersTest.OrderPlaceAtPosScreentest -->
    </test> <!-- Test -->
  </suite> <!-- Suite -->
</testng-results>
