<?xml version="1.0" encoding="UTF-8"?>
<testsuite name="TestSuite" time="24.642" tests="16" errors="0" skipped="13" failures="3">
  <properties>
    <property name="java.runtime.name" value="Java(TM) SE Runtime Environment"/>
    <property name="sun.boot.library.path" value="C:\Program Files\Java\jdk1.8.0_261\jre\bin"/>
    <property name="java.vm.version" value="25.261-b12"/>
    <property name="java.vm.vendor" value="Oracle Corporation"/>
    <property name="maven.multiModuleProjectDirectory" value="F:\OCM\OCMWORKSPACE\KonexPoS"/>
    <property name="java.vendor.url" value="http://java.oracle.com/"/>
    <property name="path.separator" value=";"/>
    <property name="guice.disable.misplaced.annotation.check" value="true"/>
    <property name="java.vm.name" value="Java HotSpot(TM) 64-Bit Server VM"/>
    <property name="file.encoding.pkg" value="sun.io"/>
    <property name="user.script" value=""/>
    <property name="user.country" value="US"/>
    <property name="sun.java.launcher" value="SUN_STANDARD"/>
    <property name="sun.os.patch.level" value=""/>
    <property name="java.vm.specification.name" value="Java Virtual Machine Specification"/>
    <property name="user.dir" value="F:\OCM\OCMWORKSPACE\KonexPoS"/>
    <property name="java.runtime.version" value="1.8.0_261-b12"/>
    <property name="java.awt.graphicsenv" value="sun.awt.Win32GraphicsEnvironment"/>
    <property name="java.endorsed.dirs" value="C:\Program Files\Java\jdk1.8.0_261\jre\lib\endorsed"/>
    <property name="os.arch" value="amd64"/>
    <property name="java.io.tmpdir" value="C:\Users\HIMANS~1\AppData\Local\Temp\"/>
    <property name="line.separator" value="&#10;"/>
    <property name="java.vm.specification.vendor" value="Oracle Corporation"/>
    <property name="user.variant" value=""/>
    <property name="os.name" value="Windows 10"/>
    <property name="classworlds.conf" value="F:\OCM\OCMWORKSPACE\.metadata\.plugins\org.eclipse.m2e.launching\launches\m2conf6733320346710439711.tmp"/>
    <property name="sun.jnu.encoding" value="Cp1252"/>
    <property name="java.library.path" value="C:\Program Files\Java\jdk1.8.0_261\jre\bin;C:\WINDOWS\Sun\Java\bin;C:\WINDOWS\system32;C:\WINDOWS;C:/Users/HIMANSHU MISHRA/.p2/pool/plugins/org.eclipse.justj.openjdk.hotspot.jre.full.win32.x86_64_15.0.1.v20201027-0507/jre/bin/server;C:/Users/HIMANSHU MISHRA/.p2/pool/plugins/org.eclipse.justj.openjdk.hotspot.jre.full.win32.x86_64_15.0.1.v20201027-0507/jre/bin;C:\Program Files\Microsoft MPI\Bin\;F:\oracle\product\10.2.0\db_1\bin;C:\Program Files (x86)\Common Files\Oracle\Java\javapath;C:\ProgramData\Oracle\Java\javapath;C:\WINDOWS\system32;C:\WINDOWS;C:\WINDOWS\System32\Wbem;C:\WINDOWS\System32\WindowsPowerShell\v1.0\;C:\WINDOWS\System32\OpenSSH\;C:\WORK\apache-maven-3.6.3-bin\apache-maven-3.6.3\bin;C:\Program Files\Java\jdk1.8.0_261\bin;C:\Program Files\nodejs\;C:\Users\HIMANSHU MISHRA\Downloads\apache-tomcat-8.5.61-windows-x64\apache-tomcat-8.5.61\bin;C:\Program Files\dotnet\;C:\Program Files\Microsoft SQL Server\130\Tools\Binn\;C:\Program Files\Microsoft SQL Server\Client SDK\ODBC\170\Tools\Binn\;C:\Program Files (x86)\Microsoft SQL Server\150\Tools\Binn\;C:\Program Files\Microsoft SQL Server\150\Tools\Binn\;C:\Program Files (x86)\Microsoft SQL Server\150\DTS\Binn\;C:\Program Files\Microsoft SQL Server\150\DTS\Binn\;C:\Program Files\Azure Data Studio\bin;C:\Program Files\MySQL\MySQL Shell 8.0\bin\;C:\Users\HIMANSHU MISHRA\AppData\Local\Programs\Python\Python37\Scripts\;C:\Users\HIMANSHU MISHRA\AppData\Local\Programs\Python\Python37\;C:\Users\HIMANSHU MISHRA\AppData\Local\Microsoft\WindowsApps;C:\Program Files\JetBrains\PyCharm Community Edition 2020.1\bin;;C:\Users\HIMANSHU MISHRA\AppData\Local\Microsoft\WindowsApps;C:\Users\HIMANSHU MISHRA\AppData\Roaming\npm;C:\Users\HIMANSHU MISHRA\.dotnet\tools;C:\Program Files\Azure Data Studio\bin;C:\WINDOWS\System32;;."/>
    <property name="java.specification.name" value="Java Platform API Specification"/>
    <property name="java.class.version" value="52.0"/>
    <property name="sun.management.compiler" value="HotSpot 64-Bit Tiered Compilers"/>
    <property name="os.version" value="10.0"/>
    <property name="user.home" value="C:\Users\HIMANSHU MISHRA"/>
    <property name="user.timezone" value="Asia/Calcutta"/>
    <property name="java.awt.printerjob" value="sun.awt.windows.WPrinterJob"/>
    <property name="java.specification.version" value="1.8"/>
    <property name="file.encoding" value="Cp1252"/>
    <property name="user.name" value="HIMANSHU MISHRA"/>
    <property name="java.class.path" value="C:\Users\HIMANSHU MISHRA\.p2\pool\plugins\org.eclipse.m2e.maven.runtime_1.16.0.20200610-1735\jars\plexus-classworlds-2.6.0.jar"/>
    <property name="java.vm.specification.version" value="1.8"/>
    <property name="sun.arch.data.model" value="64"/>
    <property name="java.home" value="C:\Program Files\Java\jdk1.8.0_261\jre"/>
    <property name="sun.java.command" value="org.codehaus.plexus.classworlds.launcher.Launcher -B install"/>
    <property name="java.specification.vendor" value="Oracle Corporation"/>
    <property name="user.language" value="en"/>
    <property name="awt.toolkit" value="sun.awt.windows.WToolkit"/>
    <property name="java.vm.info" value="mixed mode"/>
    <property name="java.version" value="1.8.0_261"/>
    <property name="java.ext.dirs" value="C:\Program Files\Java\jdk1.8.0_261\jre\lib\ext;C:\WINDOWS\Sun\Java\lib\ext"/>
    <property name="sun.boot.class.path" value="C:\Program Files\Java\jdk1.8.0_261\jre\lib\resources.jar;C:\Program Files\Java\jdk1.8.0_261\jre\lib\rt.jar;C:\Program Files\Java\jdk1.8.0_261\jre\lib\sunrsasign.jar;C:\Program Files\Java\jdk1.8.0_261\jre\lib\jsse.jar;C:\Program Files\Java\jdk1.8.0_261\jre\lib\jce.jar;C:\Program Files\Java\jdk1.8.0_261\jre\lib\charsets.jar;C:\Program Files\Java\jdk1.8.0_261\jre\lib\jfr.jar;C:\Program Files\Java\jdk1.8.0_261\jre\classes"/>
    <property name="java.vendor" value="Oracle Corporation"/>
    <property name="maven.home" value="F:\OCM\OCMWORKSPACE\KonexPoS\EMBEDDED"/>
    <property name="file.separator" value="\"/>
    <property name="java.vendor.url.bug" value="http://bugreport.sun.com/bugreport/"/>
    <property name="sun.cpu.endian" value="little"/>
    <property name="sun.io.unicode.encoding" value="UnicodeLittle"/>
    <property name="sun.desktop" value="windows"/>
    <property name="sun.cpu.isalist" value="amd64"/>
  </properties>
  <testcase name="configureBeforeClass" classname="com.konexPos.customersTest.AddCustomertest" time="7.51">
    <failure message="session not created: This version of ChromeDriver only supports Chrome version 91&#10;Current browser version is 95.0.4638.54 with binary path C:\Program Files\Google\Chrome\Application\chrome.exe&#10;Build info: version: &apos;3.141.59&apos;, revision: &apos;e82be7d358&apos;, time: &apos;2018-11-14T08:17:03&apos;&#10;System info: host: &apos;DESKTOP-7H8BUQL&apos;, ip: &apos;192.168.43.95&apos;, os.name: &apos;Windows 10&apos;, os.arch: &apos;amd64&apos;, os.version: &apos;10.0&apos;, java.version: &apos;1.8.0_261&apos;&#10;Driver info: driver.version: ChromeDriver&#10;remote stacktrace: Backtrace:&#10;	Ordinal0 [0x00382DB3+2502067]&#10;	Ordinal0 [0x0031C5B1+2082225]&#10;	Ordinal0 [0x00222498+1057944]&#10;	Ordinal0 [0x002405DA+1181146]&#10;	Ordinal0 [0x0023C43C+1164348]&#10;	Ordinal0 [0x00239C73+1154163]&#10;	Ordinal0 [0x00269A22+1350178]&#10;	Ordinal0 [0x0026967A+1349242]&#10;	Ordinal0 [0x00265BEB+1334251]&#10;	Ordinal0 [0x00242174+1188212]&#10;	Ordinal0 [0x00243009+1191945]&#10;	GetHandleVerifier [0x004FEC5C+1511084]&#10;	GetHandleVerifier [0x005A8522+2205554]&#10;	GetHandleVerifier [0x00403393+480739]&#10;	GetHandleVerifier [0x00402579+477129]&#10;	Ordinal0 [0x00321E5D+2104925]&#10;	Ordinal0 [0x003263F8+2122744]&#10;	Ordinal0 [0x00326537+2123063]&#10;	Ordinal0 [0x0032EE53+2158163]&#10;	BaseThreadInitThunk [0x7601FA29+25]&#10;	RtlGetAppContainerNamedObjectPath [0x77127A9E+286]&#10;	RtlGetAppContainerNamedObjectPath [0x77127A6E+238]&#10;" type="org.openqa.selenium.SessionNotCreatedException"><![CDATA[org.openqa.selenium.SessionNotCreatedException: session not created: This version of ChromeDriver only supports Chrome version 91
Current browser version is 95.0.4638.54 with binary path C:\Program Files\Google\Chrome\Application\chrome.exe
Build info: version: '3.141.59', revision: 'e82be7d358', time: '2018-11-14T08:17:03'
System info: host: 'DESKTOP-7H8BUQL', ip: '192.168.43.95', os.name: 'Windows 10', os.arch: 'amd64', os.version: '10.0', java.version: '1.8.0_261'
Driver info: driver.version: ChromeDriver
remote stacktrace: Backtrace:
	Ordinal0 [0x00382DB3+2502067]
	Ordinal0 [0x0031C5B1+2082225]
	Ordinal0 [0x00222498+1057944]
	Ordinal0 [0x002405DA+1181146]
	Ordinal0 [0x0023C43C+1164348]
	Ordinal0 [0x00239C73+1154163]
	Ordinal0 [0x00269A22+1350178]
	Ordinal0 [0x0026967A+1349242]
	Ordinal0 [0x00265BEB+1334251]
	Ordinal0 [0x00242174+1188212]
	Ordinal0 [0x00243009+1191945]
	GetHandleVerifier [0x004FEC5C+1511084]
	GetHandleVerifier [0x005A8522+2205554]
	GetHandleVerifier [0x00403393+480739]
	GetHandleVerifier [0x00402579+477129]
	Ordinal0 [0x00321E5D+2104925]
	Ordinal0 [0x003263F8+2122744]
	Ordinal0 [0x00326537+2123063]
	Ordinal0 [0x0032EE53+2158163]
	BaseThreadInitThunk [0x7601FA29+25]
	RtlGetAppContainerNamedObjectPath [0x77127A9E+286]
	RtlGetAppContainerNamedObjectPath [0x77127A6E+238]

	at sun.reflect.NativeConstructorAccessorImpl.newInstance0(Native Method)
	at sun.reflect.NativeConstructorAccessorImpl.newInstance(NativeConstructorAccessorImpl.java:62)
	at sun.reflect.DelegatingConstructorAccessorImpl.newInstance(DelegatingConstructorAccessorImpl.java:45)
	at java.lang.reflect.Constructor.newInstance(Constructor.java:423)
	at org.openqa.selenium.remote.W3CHandshakeResponse.lambda$errorHandler$0(W3CHandshakeResponse.java:62)
	at org.openqa.selenium.remote.HandshakeResponse.lambda$getResponseFunction$0(HandshakeResponse.java:30)
	at org.openqa.selenium.remote.ProtocolHandshake.lambda$createSession$0(ProtocolHandshake.java:126)
	at java.util.stream.ReferencePipeline$3$1.accept(ReferencePipeline.java:193)
	at java.util.Spliterators$ArraySpliterator.tryAdvance(Spliterators.java:958)
	at java.util.stream.ReferencePipeline.forEachWithCancel(ReferencePipeline.java:126)
	at java.util.stream.AbstractPipeline.copyIntoWithCancel(AbstractPipeline.java:499)
	at java.util.stream.AbstractPipeline.copyInto(AbstractPipeline.java:486)
	at java.util.stream.AbstractPipeline.wrapAndCopyInto(AbstractPipeline.java:472)
	at java.util.stream.FindOps$FindOp.evaluateSequential(FindOps.java:152)
	at java.util.stream.AbstractPipeline.evaluate(AbstractPipeline.java:234)
	at java.util.stream.ReferencePipeline.findFirst(ReferencePipeline.java:464)
	at org.openqa.selenium.remote.ProtocolHandshake.createSession(ProtocolHandshake.java:128)
	at org.openqa.selenium.remote.ProtocolHandshake.createSession(ProtocolHandshake.java:74)
	at org.openqa.selenium.remote.HttpCommandExecutor.execute(HttpCommandExecutor.java:136)
	at org.openqa.selenium.remote.service.DriverCommandExecutor.execute(DriverCommandExecutor.java:83)
	at org.openqa.selenium.remote.RemoteWebDriver.execute(RemoteWebDriver.java:552)
	at org.openqa.selenium.remote.RemoteWebDriver.startSession(RemoteWebDriver.java:213)
	at org.openqa.selenium.remote.RemoteWebDriver.<init>(RemoteWebDriver.java:131)
	at org.openqa.selenium.chrome.ChromeDriver.<init>(ChromeDriver.java:181)
	at org.openqa.selenium.chrome.ChromeDriver.<init>(ChromeDriver.java:168)
	at org.openqa.selenium.chrome.ChromeDriver.<init>(ChromeDriver.java:157)
	at com.konex.commonUtils.BaseClass.configureBeforeClass(BaseClass.java:77)
	at sun.reflect.NativeMethodAccessorImpl.invoke0(Native Method)
	at sun.reflect.NativeMethodAccessorImpl.invoke(NativeMethodAccessorImpl.java:62)
	at sun.reflect.DelegatingMethodAccessorImpl.invoke(DelegatingMethodAccessorImpl.java:43)
	at java.lang.reflect.Method.invoke(Method.java:498)
	at org.testng.internal.MethodInvocationHelper.invokeMethod(MethodInvocationHelper.java:124)
	at org.testng.internal.MethodInvocationHelper.invokeMethodConsideringTimeout(MethodInvocationHelper.java:59)
	at org.testng.internal.Invoker.invokeConfigurationMethod(Invoker.java:458)
	at org.testng.internal.Invoker.invokeConfigurations(Invoker.java:222)
	at org.testng.internal.Invoker.invokeConfigurations(Invoker.java:142)
	at org.testng.internal.TestMethodWorker.invokeBeforeClassMethods(TestMethodWorker.java:168)
	at org.testng.internal.TestMethodWorker.run(TestMethodWorker.java:105)
	at java.util.concurrent.ThreadPoolExecutor.runWorker(ThreadPoolExecutor.java:1149)
	at java.util.concurrent.ThreadPoolExecutor$Worker.run(ThreadPoolExecutor.java:624)
	at java.lang.Thread.run(Thread.java:748)
]]></failure>
    <system-out><![CDATA[[TestNGContentHandler] [WARN] It is strongly recommended to add "<!DOCTYPE suite SYSTEM "http://testng.org/testng-1.0.dtd" >" at the top of your file, otherwise TestNG may fail or not work as expected.
========= connect to db ===========
==============Launching Browser=================================Launching Browser=================================Launching Browser===================]]></system-out>
    <system-err><![CDATA[Starting ChromeDriver 91.0.4472.19 (1bf021f248676a0b2ab3ee0561d83a59e424c23e-refs/branch-heads/4472@{#288}) on port 6507
Only local connections are allowed.
Please see https://chromedriver.chromium.org/security-considerations for suggestions on keeping ChromeDriver safe.
Starting ChromeDriver 91.0.4472.19 (1bf021f248676a0b2ab3ee0561d83a59e424c23e-refs/branch-heads/4472@{#288}) on port 24021
Only local connections are allowed.
Please see https://chromedriver.chromium.org/security-considerations for suggestions on keeping ChromeDriver safe.
Starting ChromeDriver 91.0.4472.19 (1bf021f248676a0b2ab3ee0561d83a59e424c23e-refs/branch-heads/4472@{#288}) on port 16605
Only local connections are allowed.
Please see https://chromedriver.chromium.org/security-considerations for suggestions on keeping ChromeDriver safe.
ChromeDriver was started successfully.
ChromeDriver was started successfully.
ChromeDriver was started successfully.
[1[1635490869.182][WARNING]: Deprecated chrome option is ignored: useAutomati635490869.182][WARNING]: Deprecated chrome option is ignored: useAutomationExtension
onExtension
[1635490869.182][WARNING]: Deprecated chrome option is ignored: useAutomationExtension
[1635490869.183][WARNING]: Deprecated chrome option is ignored: useAutomationExtension
[1635490869.183][WARNING]: Deprecated chrome option is ignored: useAutomationExtension
[1635490869.191][WARNING]: Deprecated chrome option is ignored: useAutomationExtension
]]></system-err>
  </testcase>
  <testcase name="configureBeforeMethod" classname="com.konexPos.customersTest.AddCustomertest" time="0">
    <skipped/>
  </testcase>
  <testcase name="createCustomer" classname="com.konexPos.customersTest.AddCustomertest" time="0">
    <skipped/>
  </testcase>
  <testcase name="ConfigureAfterMethod" classname="com.konexPos.customersTest.AddCustomertest" time="0">
    <skipped/>
  </testcase>
  <testcase name="configAfterClass" classname="com.konexPos.customersTest.AddCustomertest" time="0">
    <skipped/>
  </testcase>
  <testcase name="configureBeforeClass" classname="com.konexPos.customersTest.OrderPlaceAtPosScreentest" time="7.588">
    <failure message="session not created: This version of ChromeDriver only supports Chrome version 91&#10;Current browser version is 95.0.4638.54 with binary path C:\Program Files\Google\Chrome\Application\chrome.exe&#10;Build info: version: &apos;3.141.59&apos;, revision: &apos;e82be7d358&apos;, time: &apos;2018-11-14T08:17:03&apos;&#10;System info: host: &apos;DESKTOP-7H8BUQL&apos;, ip: &apos;192.168.43.95&apos;, os.name: &apos;Windows 10&apos;, os.arch: &apos;amd64&apos;, os.version: &apos;10.0&apos;, java.version: &apos;1.8.0_261&apos;&#10;Driver info: driver.version: ChromeDriver&#10;remote stacktrace: Backtrace:&#10;	Ordinal0 [0x00382DB3+2502067]&#10;	Ordinal0 [0x0031C5B1+2082225]&#10;	Ordinal0 [0x00222498+1057944]&#10;	Ordinal0 [0x002405DA+1181146]&#10;	Ordinal0 [0x0023C43C+1164348]&#10;	Ordinal0 [0x00239C73+1154163]&#10;	Ordinal0 [0x00269A22+1350178]&#10;	Ordinal0 [0x0026967A+1349242]&#10;	Ordinal0 [0x00265BEB+1334251]&#10;	Ordinal0 [0x00242174+1188212]&#10;	Ordinal0 [0x00243009+1191945]&#10;	GetHandleVerifier [0x004FEC5C+1511084]&#10;	GetHandleVerifier [0x005A8522+2205554]&#10;	GetHandleVerifier [0x00403393+480739]&#10;	GetHandleVerifier [0x00402579+477129]&#10;	Ordinal0 [0x00321E5D+2104925]&#10;	Ordinal0 [0x003263F8+2122744]&#10;	Ordinal0 [0x00326537+2123063]&#10;	Ordinal0 [0x0032EE53+2158163]&#10;	BaseThreadInitThunk [0x7601FA29+25]&#10;	RtlGetAppContainerNamedObjectPath [0x77127A9E+286]&#10;	RtlGetAppContainerNamedObjectPath [0x77127A6E+238]&#10;" type="org.openqa.selenium.SessionNotCreatedException"><![CDATA[org.openqa.selenium.SessionNotCreatedException: session not created: This version of ChromeDriver only supports Chrome version 91
Current browser version is 95.0.4638.54 with binary path C:\Program Files\Google\Chrome\Application\chrome.exe
Build info: version: '3.141.59', revision: 'e82be7d358', time: '2018-11-14T08:17:03'
System info: host: 'DESKTOP-7H8BUQL', ip: '192.168.43.95', os.name: 'Windows 10', os.arch: 'amd64', os.version: '10.0', java.version: '1.8.0_261'
Driver info: driver.version: ChromeDriver
remote stacktrace: Backtrace:
	Ordinal0 [0x00382DB3+2502067]
	Ordinal0 [0x0031C5B1+2082225]
	Ordinal0 [0x00222498+1057944]
	Ordinal0 [0x002405DA+1181146]
	Ordinal0 [0x0023C43C+1164348]
	Ordinal0 [0x00239C73+1154163]
	Ordinal0 [0x00269A22+1350178]
	Ordinal0 [0x0026967A+1349242]
	Ordinal0 [0x00265BEB+1334251]
	Ordinal0 [0x00242174+1188212]
	Ordinal0 [0x00243009+1191945]
	GetHandleVerifier [0x004FEC5C+1511084]
	GetHandleVerifier [0x005A8522+2205554]
	GetHandleVerifier [0x00403393+480739]
	GetHandleVerifier [0x00402579+477129]
	Ordinal0 [0x00321E5D+2104925]
	Ordinal0 [0x003263F8+2122744]
	Ordinal0 [0x00326537+2123063]
	Ordinal0 [0x0032EE53+2158163]
	BaseThreadInitThunk [0x7601FA29+25]
	RtlGetAppContainerNamedObjectPath [0x77127A9E+286]
	RtlGetAppContainerNamedObjectPath [0x77127A6E+238]

	at sun.reflect.NativeConstructorAccessorImpl.newInstance0(Native Method)
	at sun.reflect.NativeConstructorAccessorImpl.newInstance(NativeConstructorAccessorImpl.java:62)
	at sun.reflect.DelegatingConstructorAccessorImpl.newInstance(DelegatingConstructorAccessorImpl.java:45)
	at java.lang.reflect.Constructor.newInstance(Constructor.java:423)
	at org.openqa.selenium.remote.W3CHandshakeResponse.lambda$errorHandler$0(W3CHandshakeResponse.java:62)
	at org.openqa.selenium.remote.HandshakeResponse.lambda$getResponseFunction$0(HandshakeResponse.java:30)
	at org.openqa.selenium.remote.ProtocolHandshake.lambda$createSession$0(ProtocolHandshake.java:126)
	at java.util.stream.ReferencePipeline$3$1.accept(ReferencePipeline.java:193)
	at java.util.Spliterators$ArraySpliterator.tryAdvance(Spliterators.java:958)
	at java.util.stream.ReferencePipeline.forEachWithCancel(ReferencePipeline.java:126)
	at java.util.stream.AbstractPipeline.copyIntoWithCancel(AbstractPipeline.java:499)
	at java.util.stream.AbstractPipeline.copyInto(AbstractPipeline.java:486)
	at java.util.stream.AbstractPipeline.wrapAndCopyInto(AbstractPipeline.java:472)
	at java.util.stream.FindOps$FindOp.evaluateSequential(FindOps.java:152)
	at java.util.stream.AbstractPipeline.evaluate(AbstractPipeline.java:234)
	at java.util.stream.ReferencePipeline.findFirst(ReferencePipeline.java:464)
	at org.openqa.selenium.remote.ProtocolHandshake.createSession(ProtocolHandshake.java:128)
	at org.openqa.selenium.remote.ProtocolHandshake.createSession(ProtocolHandshake.java:74)
	at org.openqa.selenium.remote.HttpCommandExecutor.execute(HttpCommandExecutor.java:136)
	at org.openqa.selenium.remote.service.DriverCommandExecutor.execute(DriverCommandExecutor.java:83)
	at org.openqa.selenium.remote.RemoteWebDriver.execute(RemoteWebDriver.java:552)
	at org.openqa.selenium.remote.RemoteWebDriver.startSession(RemoteWebDriver.java:213)
	at org.openqa.selenium.remote.RemoteWebDriver.<init>(RemoteWebDriver.java:131)
	at org.openqa.selenium.chrome.ChromeDriver.<init>(ChromeDriver.java:181)
	at org.openqa.selenium.chrome.ChromeDriver.<init>(ChromeDriver.java:168)
	at org.openqa.selenium.chrome.ChromeDriver.<init>(ChromeDriver.java:157)
	at com.konex.commonUtils.BaseClass.configureBeforeClass(BaseClass.java:77)
	at sun.reflect.NativeMethodAccessorImpl.invoke0(Native Method)
	at sun.reflect.NativeMethodAccessorImpl.invoke(NativeMethodAccessorImpl.java:62)
	at sun.reflect.DelegatingMethodAccessorImpl.invoke(DelegatingMethodAccessorImpl.java:43)
	at java.lang.reflect.Method.invoke(Method.java:498)
	at org.testng.internal.MethodInvocationHelper.invokeMethod(MethodInvocationHelper.java:124)
	at org.testng.internal.MethodInvocationHelper.invokeMethodConsideringTimeout(MethodInvocationHelper.java:59)
	at org.testng.internal.Invoker.invokeConfigurationMethod(Invoker.java:458)
	at org.testng.internal.Invoker.invokeConfigurations(Invoker.java:222)
	at org.testng.internal.Invoker.invokeConfigurations(Invoker.java:142)
	at org.testng.internal.TestMethodWorker.invokeBeforeClassMethods(TestMethodWorker.java:168)
	at org.testng.internal.TestMethodWorker.run(TestMethodWorker.java:105)
	at java.util.concurrent.ThreadPoolExecutor.runWorker(ThreadPoolExecutor.java:1149)
	at java.util.concurrent.ThreadPoolExecutor$Worker.run(ThreadPoolExecutor.java:624)
	at java.lang.Thread.run(Thread.java:748)
]]></failure>
  </testcase>
  <testcase name="configureBeforeMethod" classname="com.konexPos.customersTest.OrderPlaceAtPosScreentest" time="0">
    <skipped/>
  </testcase>
  <testcase name="addCustomer" classname="com.konexPos.customersTest.OrderPlaceAtPosScreentest" time="0">
    <skipped/>
  </testcase>
  <testcase name="ConfigureAfterMethod" classname="com.konexPos.customersTest.OrderPlaceAtPosScreentest" time="0">
    <skipped/>
  </testcase>
  <testcase name="verifyOrderPlaced" classname="com.konexPos.customersTest.OrderPlaceAtPosScreentest" time="0">
    <skipped/>
  </testcase>
  <testcase name="configAfterClass" classname="com.konexPos.customersTest.OrderPlaceAtPosScreentest" time="0">
    <skipped/>
  </testcase>
  <testcase name="configureBeforeClass" classname="com.konexPos.customersTest.BarCodeScantest" time="9.544">
    <failure message="session not created: This version of ChromeDriver only supports Chrome version 91&#10;Current browser version is 95.0.4638.54 with binary path C:\Program Files\Google\Chrome\Application\chrome.exe&#10;Build info: version: &apos;3.141.59&apos;, revision: &apos;e82be7d358&apos;, time: &apos;2018-11-14T08:17:03&apos;&#10;System info: host: &apos;DESKTOP-7H8BUQL&apos;, ip: &apos;192.168.43.95&apos;, os.name: &apos;Windows 10&apos;, os.arch: &apos;amd64&apos;, os.version: &apos;10.0&apos;, java.version: &apos;1.8.0_261&apos;&#10;Driver info: driver.version: ChromeDriver&#10;remote stacktrace: Backtrace:&#10;	Ordinal0 [0x00382DB3+2502067]&#10;	Ordinal0 [0x0031C5B1+2082225]&#10;	Ordinal0 [0x00222498+1057944]&#10;	Ordinal0 [0x002405DA+1181146]&#10;	Ordinal0 [0x0023C43C+1164348]&#10;	Ordinal0 [0x00239C73+1154163]&#10;	Ordinal0 [0x00269A22+1350178]&#10;	Ordinal0 [0x0026967A+1349242]&#10;	Ordinal0 [0x00265BEB+1334251]&#10;	Ordinal0 [0x00242174+1188212]&#10;	Ordinal0 [0x00243009+1191945]&#10;	GetHandleVerifier [0x004FEC5C+1511084]&#10;	GetHandleVerifier [0x005A8522+2205554]&#10;	GetHandleVerifier [0x00403393+480739]&#10;	GetHandleVerifier [0x00402579+477129]&#10;	Ordinal0 [0x00321E5D+2104925]&#10;	Ordinal0 [0x003263F8+2122744]&#10;	Ordinal0 [0x00326537+2123063]&#10;	Ordinal0 [0x0032EE53+2158163]&#10;	BaseThreadInitThunk [0x7601FA29+25]&#10;	RtlGetAppContainerNamedObjectPath [0x77127A9E+286]&#10;	RtlGetAppContainerNamedObjectPath [0x77127A6E+238]&#10;" type="org.openqa.selenium.SessionNotCreatedException"><![CDATA[org.openqa.selenium.SessionNotCreatedException: session not created: This version of ChromeDriver only supports Chrome version 91
Current browser version is 95.0.4638.54 with binary path C:\Program Files\Google\Chrome\Application\chrome.exe
Build info: version: '3.141.59', revision: 'e82be7d358', time: '2018-11-14T08:17:03'
System info: host: 'DESKTOP-7H8BUQL', ip: '192.168.43.95', os.name: 'Windows 10', os.arch: 'amd64', os.version: '10.0', java.version: '1.8.0_261'
Driver info: driver.version: ChromeDriver
remote stacktrace: Backtrace:
	Ordinal0 [0x00382DB3+2502067]
	Ordinal0 [0x0031C5B1+2082225]
	Ordinal0 [0x00222498+1057944]
	Ordinal0 [0x002405DA+1181146]
	Ordinal0 [0x0023C43C+1164348]
	Ordinal0 [0x00239C73+1154163]
	Ordinal0 [0x00269A22+1350178]
	Ordinal0 [0x0026967A+1349242]
	Ordinal0 [0x00265BEB+1334251]
	Ordinal0 [0x00242174+1188212]
	Ordinal0 [0x00243009+1191945]
	GetHandleVerifier [0x004FEC5C+1511084]
	GetHandleVerifier [0x005A8522+2205554]
	GetHandleVerifier [0x00403393+480739]
	GetHandleVerifier [0x00402579+477129]
	Ordinal0 [0x00321E5D+2104925]
	Ordinal0 [0x003263F8+2122744]
	Ordinal0 [0x00326537+2123063]
	Ordinal0 [0x0032EE53+2158163]
	BaseThreadInitThunk [0x7601FA29+25]
	RtlGetAppContainerNamedObjectPath [0x77127A9E+286]
	RtlGetAppContainerNamedObjectPath [0x77127A6E+238]

	at sun.reflect.NativeConstructorAccessorImpl.newInstance0(Native Method)
	at sun.reflect.NativeConstructorAccessorImpl.newInstance(NativeConstructorAccessorImpl.java:62)
	at sun.reflect.DelegatingConstructorAccessorImpl.newInstance(DelegatingConstructorAccessorImpl.java:45)
	at java.lang.reflect.Constructor.newInstance(Constructor.java:423)
	at org.openqa.selenium.remote.W3CHandshakeResponse.lambda$errorHandler$0(W3CHandshakeResponse.java:62)
	at org.openqa.selenium.remote.HandshakeResponse.lambda$getResponseFunction$0(HandshakeResponse.java:30)
	at org.openqa.selenium.remote.ProtocolHandshake.lambda$createSession$0(ProtocolHandshake.java:126)
	at java.util.stream.ReferencePipeline$3$1.accept(ReferencePipeline.java:193)
	at java.util.Spliterators$ArraySpliterator.tryAdvance(Spliterators.java:958)
	at java.util.stream.ReferencePipeline.forEachWithCancel(ReferencePipeline.java:126)
	at java.util.stream.AbstractPipeline.copyIntoWithCancel(AbstractPipeline.java:499)
	at java.util.stream.AbstractPipeline.copyInto(AbstractPipeline.java:486)
	at java.util.stream.AbstractPipeline.wrapAndCopyInto(AbstractPipeline.java:472)
	at java.util.stream.FindOps$FindOp.evaluateSequential(FindOps.java:152)
	at java.util.stream.AbstractPipeline.evaluate(AbstractPipeline.java:234)
	at java.util.stream.ReferencePipeline.findFirst(ReferencePipeline.java:464)
	at org.openqa.selenium.remote.ProtocolHandshake.createSession(ProtocolHandshake.java:128)
	at org.openqa.selenium.remote.ProtocolHandshake.createSession(ProtocolHandshake.java:74)
	at org.openqa.selenium.remote.HttpCommandExecutor.execute(HttpCommandExecutor.java:136)
	at org.openqa.selenium.remote.service.DriverCommandExecutor.execute(DriverCommandExecutor.java:83)
	at org.openqa.selenium.remote.RemoteWebDriver.execute(RemoteWebDriver.java:552)
	at org.openqa.selenium.remote.RemoteWebDriver.startSession(RemoteWebDriver.java:213)
	at org.openqa.selenium.remote.RemoteWebDriver.<init>(RemoteWebDriver.java:131)
	at org.openqa.selenium.chrome.ChromeDriver.<init>(ChromeDriver.java:181)
	at org.openqa.selenium.chrome.ChromeDriver.<init>(ChromeDriver.java:168)
	at org.openqa.selenium.chrome.ChromeDriver.<init>(ChromeDriver.java:157)
	at com.konex.commonUtils.BaseClass.configureBeforeClass(BaseClass.java:77)
	at sun.reflect.NativeMethodAccessorImpl.invoke0(Native Method)
	at sun.reflect.NativeMethodAccessorImpl.invoke(NativeMethodAccessorImpl.java:62)
	at sun.reflect.DelegatingMethodAccessorImpl.invoke(DelegatingMethodAccessorImpl.java:43)
	at java.lang.reflect.Method.invoke(Method.java:498)
	at org.testng.internal.MethodInvocationHelper.invokeMethod(MethodInvocationHelper.java:124)
	at org.testng.internal.MethodInvocationHelper.invokeMethodConsideringTimeout(MethodInvocationHelper.java:59)
	at org.testng.internal.Invoker.invokeConfigurationMethod(Invoker.java:458)
	at org.testng.internal.Invoker.invokeConfigurations(Invoker.java:222)
	at org.testng.internal.Invoker.invokeConfigurations(Invoker.java:142)
	at org.testng.internal.TestMethodWorker.invokeBeforeClassMethods(TestMethodWorker.java:168)
	at org.testng.internal.TestMethodWorker.run(TestMethodWorker.java:105)
	at java.util.concurrent.ThreadPoolExecutor.runWorker(ThreadPoolExecutor.java:1149)
	at java.util.concurrent.ThreadPoolExecutor$Worker.run(ThreadPoolExecutor.java:624)
	at java.lang.Thread.run(Thread.java:748)
]]></failure>
  </testcase>
  <testcase name="configureBeforeMethod" classname="com.konexPos.customersTest.BarCodeScantest" time="0">
    <skipped/>
  </testcase>
  <testcase name="barCodeScan" classname="com.konexPos.customersTest.BarCodeScantest" time="0">
    <skipped/>
  </testcase>
  <testcase name="ConfigureAfterMethod" classname="com.konexPos.customersTest.BarCodeScantest" time="0">
    <skipped/>
  </testcase>
  <testcase name="configAfterClass" classname="com.konexPos.customersTest.BarCodeScantest" time="0">
    <skipped/>
  </testcase>
</testsuite>