<?xml version="1.0" encoding="UTF-8"?>
<testng-results skipped="1" failed="2" ignored="4" total="8" passed="1">
  <reporter-output>
    <line>
      <![CDATA[Barcode is successfully verified ]]>
    </line>
  </reporter-output>
  <suite name="Suite" duration-ms="166134" started-at="2021-11-17T08:32:42Z" finished-at="2021-11-17T08:35:28Z">
    <groups>
      <group name="SmokeTest">
        <method signature="OrderPlaceAtPosScreentest.addCustomer()[pri:0, instance:com.konexPos.customersTest.OrderPlaceAtPosScreentest@123ef382]" name="addCustomer" class="com.konexPos.customersTest.OrderPlaceAtPosScreentest"/>
        <method signature="AddCustomertest.createCustomer()[pri:0, instance:com.konexPos.customersTest.AddCustomertest@f5ac9e4]" name="createCustomer" class="com.konexPos.customersTest.AddCustomertest"/>
      </group> <!-- SmokeTest -->
      <group name="regression">
        <method signature="BarCodeScantest.barCodeScan()[pri:0, instance:com.konexPos.customersTest.BarCodeScantest@59fd97a8]" name="barCodeScan" class="com.konexPos.customersTest.BarCodeScantest"/>
      </group> <!-- regression -->
    </groups>
    <test name="Test" duration-ms="166134" started-at="2021-11-17T08:32:42Z" finished-at="2021-11-17T08:35:28Z">
      <class name="com.konexPos.customersTest.BarCodeScantest">
        <test-method status="PASS" signature="configureBeforeSuite()[pri:0, instance:com.konexPos.customersTest.BarCodeScantest@59fd97a8]" name="configureBeforeSuite" is-config="true" duration-ms="54" started-at="2021-11-17T08:32:42Z" finished-at="2021-11-17T08:32:42Z">
          <reporter-output>
          </reporter-output>
        </test-method> <!-- configureBeforeSuite -->
        <test-method status="PASS" signature="configureBeforeClass()[pri:0, instance:com.konexPos.customersTest.BarCodeScantest@59fd97a8]" name="configureBeforeClass" is-config="true" duration-ms="45868" started-at="2021-11-17T08:32:42Z" finished-at="2021-11-17T08:33:28Z">
          <reporter-output>
          </reporter-output>
        </test-method> <!-- configureBeforeClass -->
        <test-method status="PASS" signature="configureBeforeMethod()[pri:0, instance:com.konexPos.customersTest.BarCodeScantest@59fd97a8]" name="configureBeforeMethod" is-config="true" duration-ms="8424" started-at="2021-11-17T08:33:28Z" finished-at="2021-11-17T08:33:36Z">
          <reporter-output>
          </reporter-output>
        </test-method> <!-- configureBeforeMethod -->
        <test-method status="PASS" signature="barCodeScan()[pri:0, instance:com.konexPos.customersTest.BarCodeScantest@59fd97a8]" name="barCodeScan" duration-ms="847" started-at="2021-11-17T08:33:36Z" finished-at="2021-11-17T08:33:37Z">
          <reporter-output>
            <line>
              <![CDATA[Barcode is successfully verified ]]>
            </line>
          </reporter-output>
        </test-method> <!-- barCodeScan -->
        <test-method status="PASS" signature="ConfigureAfterMethod()[pri:0, instance:com.konexPos.customersTest.BarCodeScantest@59fd97a8]" name="ConfigureAfterMethod" is-config="true" duration-ms="2385" started-at="2021-11-17T08:33:37Z" finished-at="2021-11-17T08:33:39Z">
          <reporter-output>
          </reporter-output>
        </test-method> <!-- ConfigureAfterMethod -->
        <test-method status="PASS" signature="configAfterClass()[pri:0, instance:com.konexPos.customersTest.BarCodeScantest@59fd97a8]" name="configAfterClass" is-config="true" duration-ms="1210" started-at="2021-11-17T08:33:39Z" finished-at="2021-11-17T08:33:41Z">
          <reporter-output>
          </reporter-output>
        </test-method> <!-- configAfterClass -->
        <test-method status="PASS" signature="configAfterSuite()[pri:0, instance:com.konexPos.customersTest.BarCodeScantest@59fd97a8]" name="configAfterSuite" is-config="true" duration-ms="2" started-at="2021-11-17T08:35:28Z" finished-at="2021-11-17T08:35:28Z">
          <reporter-output>
          </reporter-output>
        </test-method> <!-- configAfterSuite -->
      </class> <!-- com.konexPos.customersTest.BarCodeScantest -->
      <class name="com.konexPos.customersTest.AddCustomertest">
        <test-method status="PASS" signature="configureBeforeClass()[pri:0, instance:com.konexPos.customersTest.AddCustomertest@f5ac9e4]" name="configureBeforeClass" is-config="true" duration-ms="45848" started-at="2021-11-17T08:32:42Z" finished-at="2021-11-17T08:33:28Z">
          <reporter-output>
          </reporter-output>
        </test-method> <!-- configureBeforeClass -->
        <test-method status="PASS" signature="configureBeforeMethod()[pri:0, instance:com.konexPos.customersTest.AddCustomertest@f5ac9e4]" name="configureBeforeMethod" is-config="true" duration-ms="6746" started-at="2021-11-17T08:33:28Z" finished-at="2021-11-17T08:33:35Z">
          <reporter-output>
          </reporter-output>
        </test-method> <!-- configureBeforeMethod -->
        <test-method status="FAIL" signature="createCustomer()[pri:0, instance:com.konexPos.customersTest.AddCustomertest@f5ac9e4]" name="createCustomer" duration-ms="72141" started-at="2021-11-17T08:33:35Z" finished-at="2021-11-17T08:34:47Z">
          <exception class="org.openqa.selenium.NoSuchElementException">
            <message>
              <![CDATA[no such element: Unable to locate element: {"method":"xpath","selector":"//table[@class='table-striped jambo_table']/tbody/tr[contains(@id,'testemail')]/td[3]"}
  (Session info: chrome=96.0.4664.45)
For documentation on this error, please visit: https://www.seleniumhq.org/exceptions/no_such_element.html
Build info: version: '3.141.59', revision: 'e82be7d358', time: '2018-11-14T08:17:03'
System info: host: 'DESKTOP-7H8BUQL', ip: '192.168.8.104', os.name: 'Windows 10', os.arch: 'amd64', os.version: '10.0', java.version: '1.8.0_261'
Driver info: org.openqa.selenium.chrome.ChromeDriver
Capabilities {acceptInsecureCerts: false, browserName: chrome, browserVersion: 96.0.4664.45, chrome: {chromedriverVersion: 95.0.4638.54 (d31a821ec901f..., userDataDir: C:\Users\HIMANS~1\AppData\L...}, goog:chromeOptions: {debuggerAddress: localhost:13244}, javascriptEnabled: true, networkConnectionEnabled: false, pageLoadStrategy: normal, platform: WINDOWS, platformName: WINDOWS, proxy: Proxy(), setWindowRect: true, strictFileInteractability: false, timeouts: {implicit: 0, pageLoad: 300000, script: 30000}, unhandledPromptBehavior: dismiss and notify, webauthn:extension:credBlob: true, webauthn:extension:largeBlob: true, webauthn:virtualAuthenticators: true}
Session ID: 0d341a923735e76d2d35cdd93cd08cfc
*** Element info: {Using=xpath, value=//table[@class='table-striped jambo_table']/tbody/tr[contains(@id,'testemail')]/td[3]}]]>
            </message>
            <full-stacktrace>
              <![CDATA[org.openqa.selenium.NoSuchElementException: no such element: Unable to locate element: {"method":"xpath","selector":"//table[@class='table-striped jambo_table']/tbody/tr[contains(@id,'testemail')]/td[3]"}
  (Session info: chrome=96.0.4664.45)
For documentation on this error, please visit: https://www.seleniumhq.org/exceptions/no_such_element.html
Build info: version: '3.141.59', revision: 'e82be7d358', time: '2018-11-14T08:17:03'
System info: host: 'DESKTOP-7H8BUQL', ip: '192.168.8.104', os.name: 'Windows 10', os.arch: 'amd64', os.version: '10.0', java.version: '1.8.0_261'
Driver info: org.openqa.selenium.chrome.ChromeDriver
Capabilities {acceptInsecureCerts: false, browserName: chrome, browserVersion: 96.0.4664.45, chrome: {chromedriverVersion: 95.0.4638.54 (d31a821ec901f..., userDataDir: C:\Users\HIMANS~1\AppData\L...}, goog:chromeOptions: {debuggerAddress: localhost:13244}, javascriptEnabled: true, networkConnectionEnabled: false, pageLoadStrategy: normal, platform: WINDOWS, platformName: WINDOWS, proxy: Proxy(), setWindowRect: true, strictFileInteractability: false, timeouts: {implicit: 0, pageLoad: 300000, script: 30000}, unhandledPromptBehavior: dismiss and notify, webauthn:extension:credBlob: true, webauthn:extension:largeBlob: true, webauthn:virtualAuthenticators: true}
Session ID: 0d341a923735e76d2d35cdd93cd08cfc
*** Element info: {Using=xpath, value=//table[@class='table-striped jambo_table']/tbody/tr[contains(@id,'testemail')]/td[3]}
at sun.reflect.NativeConstructorAccessorImpl.newInstance0(Native Method)
at sun.reflect.NativeConstructorAccessorImpl.newInstance(NativeConstructorAccessorImpl.java:62)
at sun.reflect.DelegatingConstructorAccessorImpl.newInstance(DelegatingConstructorAccessorImpl.java:45)
at java.lang.reflect.Constructor.newInstance(Constructor.java:423)
at org.openqa.selenium.remote.http.W3CHttpResponseCodec.createException(W3CHttpResponseCodec.java:187)
at org.openqa.selenium.remote.http.W3CHttpResponseCodec.decode(W3CHttpResponseCodec.java:122)
at org.openqa.selenium.remote.http.W3CHttpResponseCodec.decode(W3CHttpResponseCodec.java:49)
at org.openqa.selenium.remote.HttpCommandExecutor.execute(HttpCommandExecutor.java:158)
at org.openqa.selenium.remote.service.DriverCommandExecutor.execute(DriverCommandExecutor.java:83)
at org.openqa.selenium.remote.RemoteWebDriver.execute(RemoteWebDriver.java:552)
at org.openqa.selenium.remote.RemoteWebDriver.findElement(RemoteWebDriver.java:323)
at org.openqa.selenium.remote.RemoteWebDriver.findElementByXPath(RemoteWebDriver.java:428)
at org.openqa.selenium.By$ByXPath.findElement(By.java:353)
at org.openqa.selenium.remote.RemoteWebDriver.findElement(RemoteWebDriver.java:315)
at org.openqa.selenium.support.pagefactory.DefaultElementLocator.findElement(DefaultElementLocator.java:69)
at org.openqa.selenium.support.pagefactory.internal.LocatingElementHandler.invoke(LocatingElementHandler.java:38)
at com.sun.proxy.$Proxy13.click(Unknown Source)
at com.konexPos.customersTest.AddCustomertest.createCustomer(AddCustomertest.java:107)
at sun.reflect.NativeMethodAccessorImpl.invoke0(Native Method)
at sun.reflect.NativeMethodAccessorImpl.invoke(NativeMethodAccessorImpl.java:62)
at sun.reflect.DelegatingMethodAccessorImpl.invoke(DelegatingMethodAccessorImpl.java:43)
at java.lang.reflect.Method.invoke(Method.java:498)
at org.testng.internal.MethodInvocationHelper.invokeMethod(MethodInvocationHelper.java:124)
at org.testng.internal.Invoker.invokeMethod(Invoker.java:583)
at org.testng.internal.Invoker.invokeTestMethod(Invoker.java:719)
at org.testng.internal.Invoker.invokeTestMethods(Invoker.java:989)
at org.testng.internal.TestMethodWorker.invokeTestMethods(TestMethodWorker.java:125)
at org.testng.internal.TestMethodWorker.run(TestMethodWorker.java:109)
at java.util.concurrent.ThreadPoolExecutor.runWorker(ThreadPoolExecutor.java:1149)
at java.util.concurrent.ThreadPoolExecutor$Worker.run(ThreadPoolExecutor.java:624)
at java.lang.Thread.run(Thread.java:748)
]]>
            </full-stacktrace>
          </exception> <!-- org.openqa.selenium.NoSuchElementException -->
          <reporter-output>
          </reporter-output>
        </test-method> <!-- createCustomer -->
        <test-method status="FAIL" signature="ConfigureAfterMethod()[pri:0, instance:com.konexPos.customersTest.AddCustomertest@f5ac9e4]" name="ConfigureAfterMethod" is-config="true" duration-ms="41299" started-at="2021-11-17T08:34:47Z" finished-at="2021-11-17T08:35:28Z">
          <exception class="java.lang.ClassCastException">
            <message>
              <![CDATA[com.sun.proxy.$Proxy13 cannot be cast to org.openqa.selenium.By]]>
            </message>
            <full-stacktrace>
              <![CDATA[java.lang.ClassCastException: com.sun.proxy.$Proxy13 cannot be cast to org.openqa.selenium.By
at com.konex.commonUtils.WebDriverUtils.waitForInvisibilityOfElementLocated(WebDriverUtils.java:74)
at com.konex.commonUtils.BaseClass.ConfigureAfterMethod(BaseClass.java:171)
at sun.reflect.NativeMethodAccessorImpl.invoke0(Native Method)
at sun.reflect.NativeMethodAccessorImpl.invoke(NativeMethodAccessorImpl.java:62)
at sun.reflect.DelegatingMethodAccessorImpl.invoke(DelegatingMethodAccessorImpl.java:43)
at java.lang.reflect.Method.invoke(Method.java:498)
at org.testng.internal.MethodInvocationHelper.invokeMethod(MethodInvocationHelper.java:124)
at org.testng.internal.MethodInvocationHelper.invokeMethodConsideringTimeout(MethodInvocationHelper.java:59)
at org.testng.internal.Invoker.invokeConfigurationMethod(Invoker.java:458)
at org.testng.internal.Invoker.invokeConfigurations(Invoker.java:222)
at org.testng.internal.Invoker.invokeMethod(Invoker.java:646)
at org.testng.internal.Invoker.invokeTestMethod(Invoker.java:719)
at org.testng.internal.Invoker.invokeTestMethods(Invoker.java:989)
at org.testng.internal.TestMethodWorker.invokeTestMethods(TestMethodWorker.java:125)
at org.testng.internal.TestMethodWorker.run(TestMethodWorker.java:109)
at java.util.concurrent.ThreadPoolExecutor.runWorker(ThreadPoolExecutor.java:1149)
at java.util.concurrent.ThreadPoolExecutor$Worker.run(ThreadPoolExecutor.java:624)
at java.lang.Thread.run(Thread.java:748)
]]>
            </full-stacktrace>
          </exception> <!-- java.lang.ClassCastException -->
          <reporter-output>
          </reporter-output>
        </test-method> <!-- ConfigureAfterMethod -->
        <test-method status="SKIP" signature="configAfterClass()[pri:0, instance:com.konexPos.customersTest.AddCustomertest@f5ac9e4]" name="configAfterClass" is-config="true" duration-ms="0" started-at="2021-11-17T08:35:28Z" finished-at="2021-11-17T08:35:28Z">
          <reporter-output>
          </reporter-output>
        </test-method> <!-- configAfterClass -->
      </class> <!-- com.konexPos.customersTest.AddCustomertest -->
      <class name="com.konexPos.customersTest.OrderPlaceAtPosScreentest">
        <test-method status="PASS" signature="configureBeforeClass()[pri:0, instance:com.konexPos.customersTest.OrderPlaceAtPosScreentest@123ef382]" name="configureBeforeClass" is-config="true" duration-ms="45981" started-at="2021-11-17T08:32:42Z" finished-at="2021-11-17T08:33:28Z">
          <reporter-output>
          </reporter-output>
        </test-method> <!-- configureBeforeClass -->
        <test-method status="PASS" signature="configureBeforeMethod()[pri:0, instance:com.konexPos.customersTest.OrderPlaceAtPosScreentest@123ef382]" name="configureBeforeMethod" is-config="true" duration-ms="7885" started-at="2021-11-17T08:33:28Z" finished-at="2021-11-17T08:33:36Z">
          <reporter-output>
          </reporter-output>
        </test-method> <!-- configureBeforeMethod -->
        <test-method status="FAIL" signature="addCustomer()[pri:0, instance:com.konexPos.customersTest.OrderPlaceAtPosScreentest@123ef382]" name="addCustomer" duration-ms="73516" started-at="2021-11-17T08:33:36Z" finished-at="2021-11-17T08:34:49Z">
          <exception class="org.openqa.selenium.TimeoutException">
            <message>
              <![CDATA[Expected condition failed: waiting for visibility of Proxy element for: DefaultElementLocator 'By.xpath: //div[text()='Customer Added Successfully!']' (tried for 40 second(s) with 500 milliseconds interval)]]>
            </message>
            <full-stacktrace>
              <![CDATA[org.openqa.selenium.TimeoutException: Expected condition failed: waiting for visibility of Proxy element for: DefaultElementLocator 'By.xpath: //div[text()='Customer Added Successfully!']' (tried for 40 second(s) with 500 milliseconds interval)
at org.openqa.selenium.support.ui.WebDriverWait.timeoutException(WebDriverWait.java:95)
at org.openqa.selenium.support.ui.FluentWait.until(FluentWait.java:272)
at com.konex.commonUtils.WebDriverUtils.waitForVisibilityOfElement(WebDriverUtils.java:80)
at com.konexPos.customersTest.OrderPlaceAtPosScreentest.addCustomer(OrderPlaceAtPosScreentest.java:55)
at sun.reflect.NativeMethodAccessorImpl.invoke0(Native Method)
at sun.reflect.NativeMethodAccessorImpl.invoke(NativeMethodAccessorImpl.java:62)
at sun.reflect.DelegatingMethodAccessorImpl.invoke(DelegatingMethodAccessorImpl.java:43)
at java.lang.reflect.Method.invoke(Method.java:498)
at org.testng.internal.MethodInvocationHelper.invokeMethod(MethodInvocationHelper.java:124)
at org.testng.internal.Invoker.invokeMethod(Invoker.java:583)
at org.testng.internal.Invoker.invokeTestMethod(Invoker.java:719)
at org.testng.internal.Invoker.invokeTestMethods(Invoker.java:989)
at org.testng.internal.TestMethodWorker.invokeTestMethods(TestMethodWorker.java:125)
at org.testng.internal.TestMethodWorker.run(TestMethodWorker.java:109)
at java.util.concurrent.ThreadPoolExecutor.runWorker(ThreadPoolExecutor.java:1149)
at java.util.concurrent.ThreadPoolExecutor$Worker.run(ThreadPoolExecutor.java:624)
at java.lang.Thread.run(Thread.java:748)
Caused by: org.openqa.selenium.NoSuchElementException: no such element: Unable to locate element: {"method":"xpath","selector":"//div[text()='Customer Added Successfully!']"}
  (Session info: chrome=96.0.4664.45)
For documentation on this error, please visit: https://www.seleniumhq.org/exceptions/no_such_element.html
Build info: version: '3.141.59', revision: 'e82be7d358', time: '2018-11-14T08:17:03'
System info: host: 'DESKTOP-7H8BUQL', ip: '192.168.8.104', os.name: 'Windows 10', os.arch: 'amd64', os.version: '10.0', java.version: '1.8.0_261'
Driver info: org.openqa.selenium.chrome.ChromeDriver
Capabilities {acceptInsecureCerts: false, browserName: chrome, browserVersion: 96.0.4664.45, chrome: {chromedriverVersion: 95.0.4638.54 (d31a821ec901f..., userDataDir: C:\Users\HIMANS~1\AppData\L...}, goog:chromeOptions: {debuggerAddress: localhost:13243}, javascriptEnabled: true, networkConnectionEnabled: false, pageLoadStrategy: normal, platform: WINDOWS, platformName: WINDOWS, proxy: Proxy(), setWindowRect: true, strictFileInteractability: false, timeouts: {implicit: 0, pageLoad: 300000, script: 30000}, unhandledPromptBehavior: dismiss and notify, webauthn:extension:credBlob: true, webauthn:extension:largeBlob: true, webauthn:virtualAuthenticators: true}
Session ID: ab758155cb5088bece3310c16ddd45ca
*** Element info: {Using=xpath, value=//div[text()='Customer Added Successfully!']}
at sun.reflect.NativeConstructorAccessorImpl.newInstance0(Native Method)
at sun.reflect.NativeConstructorAccessorImpl.newInstance(NativeConstructorAccessorImpl.java:62)
at sun.reflect.DelegatingConstructorAccessorImpl.newInstance(DelegatingConstructorAccessorImpl.java:45)
at java.lang.reflect.Constructor.newInstance(Constructor.java:423)
at org.openqa.selenium.remote.http.W3CHttpResponseCodec.createException(W3CHttpResponseCodec.java:187)
at org.openqa.selenium.remote.http.W3CHttpResponseCodec.decode(W3CHttpResponseCodec.java:122)
at org.openqa.selenium.remote.http.W3CHttpResponseCodec.decode(W3CHttpResponseCodec.java:49)
at org.openqa.selenium.remote.HttpCommandExecutor.execute(HttpCommandExecutor.java:158)
at org.openqa.selenium.remote.service.DriverCommandExecutor.execute(DriverCommandExecutor.java:83)
at org.openqa.selenium.remote.RemoteWebDriver.execute(RemoteWebDriver.java:552)
at org.openqa.selenium.remote.RemoteWebDriver.findElement(RemoteWebDriver.java:323)
at org.openqa.selenium.remote.RemoteWebDriver.findElementByXPath(RemoteWebDriver.java:428)
at org.openqa.selenium.By$ByXPath.findElement(By.java:353)
at org.openqa.selenium.remote.RemoteWebDriver.findElement(RemoteWebDriver.java:315)
at org.openqa.selenium.support.pagefactory.DefaultElementLocator.findElement(DefaultElementLocator.java:69)
at org.openqa.selenium.support.pagefactory.internal.LocatingElementHandler.invoke(LocatingElementHandler.java:38)
at com.sun.proxy.$Proxy13.isDisplayed(Unknown Source)
at org.openqa.selenium.support.ui.ExpectedConditions.elementIfVisible(ExpectedConditions.java:314)
at org.openqa.selenium.support.ui.ExpectedConditions.access$000(ExpectedConditions.java:43)
at org.openqa.selenium.support.ui.ExpectedConditions$10.apply(ExpectedConditions.java:300)
at org.openqa.selenium.support.ui.ExpectedConditions$10.apply(ExpectedConditions.java:297)
at org.openqa.selenium.support.ui.FluentWait.until(FluentWait.java:249)
... 15 more
]]>
            </full-stacktrace>
          </exception> <!-- org.openqa.selenium.TimeoutException -->
          <reporter-output>
          </reporter-output>
        </test-method> <!-- addCustomer -->
        <test-method status="FAIL" signature="ConfigureAfterMethod()[pri:0, instance:com.konexPos.customersTest.OrderPlaceAtPosScreentest@123ef382]" name="ConfigureAfterMethod" is-config="true" duration-ms="7945" started-at="2021-11-17T08:34:49Z" finished-at="2021-11-17T08:34:57Z">
          <exception class="java.lang.ClassCastException">
            <message>
              <![CDATA[com.sun.proxy.$Proxy13 cannot be cast to org.openqa.selenium.By]]>
            </message>
            <full-stacktrace>
              <![CDATA[java.lang.ClassCastException: com.sun.proxy.$Proxy13 cannot be cast to org.openqa.selenium.By
at com.konex.commonUtils.WebDriverUtils.waitForInvisibilityOfElementLocated(WebDriverUtils.java:74)
at com.konex.commonUtils.BaseClass.ConfigureAfterMethod(BaseClass.java:171)
at sun.reflect.NativeMethodAccessorImpl.invoke0(Native Method)
at sun.reflect.NativeMethodAccessorImpl.invoke(NativeMethodAccessorImpl.java:62)
at sun.reflect.DelegatingMethodAccessorImpl.invoke(DelegatingMethodAccessorImpl.java:43)
at java.lang.reflect.Method.invoke(Method.java:498)
at org.testng.internal.MethodInvocationHelper.invokeMethod(MethodInvocationHelper.java:124)
at org.testng.internal.MethodInvocationHelper.invokeMethodConsideringTimeout(MethodInvocationHelper.java:59)
at org.testng.internal.Invoker.invokeConfigurationMethod(Invoker.java:458)
at org.testng.internal.Invoker.invokeConfigurations(Invoker.java:222)
at org.testng.internal.Invoker.invokeMethod(Invoker.java:646)
at org.testng.internal.Invoker.invokeTestMethod(Invoker.java:719)
at org.testng.internal.Invoker.invokeTestMethods(Invoker.java:989)
at org.testng.internal.TestMethodWorker.invokeTestMethods(TestMethodWorker.java:125)
at org.testng.internal.TestMethodWorker.run(TestMethodWorker.java:109)
at java.util.concurrent.ThreadPoolExecutor.runWorker(ThreadPoolExecutor.java:1149)
at java.util.concurrent.ThreadPoolExecutor$Worker.run(ThreadPoolExecutor.java:624)
at java.lang.Thread.run(Thread.java:748)
]]>
            </full-stacktrace>
          </exception> <!-- java.lang.ClassCastException -->
          <reporter-output>
          </reporter-output>
        </test-method> <!-- ConfigureAfterMethod -->
        <test-method status="SKIP" signature="verifyOrderPlaced()[pri:0, instance:com.konexPos.customersTest.OrderPlaceAtPosScreentest@123ef382]" name="verifyOrderPlaced" duration-ms="0" started-at="2021-11-17T08:34:57Z" depends-on-methods="com.konexPos.customersTest.OrderPlaceAtPosScreentest.addCustomer" finished-at="2021-11-17T08:34:57Z">
          <exception class="java.lang.Throwable">
            <message>
              <![CDATA[Method OrderPlaceAtPosScreentest.verifyOrderPlaced()[pri:0, instance:com.konexPos.customersTest.OrderPlaceAtPosScreentest@123ef382] depends on not successfully finished methods]]>
            </message>
            <full-stacktrace>
              <![CDATA[java.lang.Throwable: Method OrderPlaceAtPosScreentest.verifyOrderPlaced()[pri:0, instance:com.konexPos.customersTest.OrderPlaceAtPosScreentest@123ef382] depends on not successfully finished methods
at org.testng.internal.Invoker.invokeTestMethods(Invoker.java:888)
at org.testng.internal.TestMethodWorker.invokeTestMethods(TestMethodWorker.java:125)
at org.testng.internal.TestMethodWorker.run(TestMethodWorker.java:109)
at java.util.concurrent.ThreadPoolExecutor.runWorker(ThreadPoolExecutor.java:1149)
at java.util.concurrent.ThreadPoolExecutor$Worker.run(ThreadPoolExecutor.java:624)
at java.lang.Thread.run(Thread.java:748)
]]>
            </full-stacktrace>
          </exception> <!-- java.lang.Throwable -->
          <reporter-output>
          </reporter-output>
        </test-method> <!-- verifyOrderPlaced -->
        <test-method status="SKIP" signature="configAfterClass()[pri:0, instance:com.konexPos.customersTest.OrderPlaceAtPosScreentest@123ef382]" name="configAfterClass" is-config="true" duration-ms="0" started-at="2021-11-17T08:34:57Z" finished-at="2021-11-17T08:34:57Z">
          <reporter-output>
          </reporter-output>
        </test-method> <!-- configAfterClass -->
      </class> <!-- com.konexPos.customersTest.OrderPlaceAtPosScreentest -->
    </test> <!-- Test -->
  </suite> <!-- Suite -->
</testng-results>
