<?xml version="1.0" encoding="UTF-8"?>
<!-- Generated by org.testng.reporters.JUnitReportReporter -->
<testsuite skipped="2" hostname="DESKTOP-7H8BUQL" name="com.konexPos.customersTest.OrderPlaceAtPosScreentest" tests="3" failures="0" timestamp="29 Oct 2021 07:01:14 GMT" time="5.324" errors="1">
  <testcase name="addCustomer" time="0.000" classname="com.konexPos.customersTest.OrderPlaceAtPosScreentest">
    <skipped/>
  </testcase> <!-- addCustomer -->
  <testcase name="configureBeforeClass" time="5.324" classname="com.konexPos.customersTest.OrderPlaceAtPosScreentest">
    <error type="org.openqa.selenium.SessionNotCreatedException" message="session not created: This version of ChromeDriver only supports Chrome version 91
Current browser version is 95.0.4638.54 with binary path C:\Program Files\Google\Chrome\Application\chrome.exe
Build info: version: &#039;3.141.59&#039;, revision: &#039;e82be7d358&#039;, time: &#039;2018-11-14T08:17:03&#039;
System info: host: &#039;DESKTOP-7H8BUQL&#039;, ip: &#039;192.168.43.95&#039;, os.name: &#039;Windows 10&#039;, os.arch: &#039;amd64&#039;, os.version: &#039;10.0&#039;, java.version: &#039;1.8.0_261&#039;
Driver info: driver.version: ChromeDriver
remote stacktrace: Backtrace:
	Ordinal0 [0x00382DB3+2502067]
	Ordinal0 [0x0031C5B1+2082225]
	Ordinal0 [0x00222498+1057944]
	Ordinal0 [0x002405DA+1181146]
	Ordinal0 [0x0023C43C+1164348]
	Ordinal0 [0x00239C73+1154163]
	Ordinal0 [0x00269A22+1350178]
	Ordinal0 [0x0026967A+1349242]
	Ordinal0 [0x00265BEB+1334251]
	Ordinal0 [0x00242174+1188212]
	Ordinal0 [0x00243009+1191945]
	GetHandleVerifier [0x004FEC5C+1511084]
	GetHandleVerifier [0x005A8522+2205554]
	GetHandleVerifier [0x00403393+480739]
	GetHandleVerifier [0x00402579+477129]
	Ordinal0 [0x00321E5D+2104925]
	Ordinal0 [0x003263F8+2122744]
	Ordinal0 [0x00326537+2123063]
	Ordinal0 [0x0032EE53+2158163]
	BaseThreadInitThunk [0x7601FA29+25]
	RtlGetAppContainerNamedObjectPath [0x77127A9E+286]
	RtlGetAppContainerNamedObjectPath [0x77127A6E+238]
">
      <![CDATA[org.openqa.selenium.SessionNotCreatedException: session not created: This version of ChromeDriver only supports Chrome version 91
Current browser version is 95.0.4638.54 with binary path C:\Program Files\Google\Chrome\Application\chrome.exe
Build info: version: '3.141.59', revision: 'e82be7d358', time: '2018-11-14T08:17:03'
System info: host: 'DESKTOP-7H8BUQL', ip: '192.168.43.95', os.name: 'Windows 10', os.arch: 'amd64', os.version: '10.0', java.version: '1.8.0_261'
Driver info: driver.version: ChromeDriver
remote stacktrace: Backtrace:
Ordinal0 [0x00382DB3+2502067]
Ordinal0 [0x0031C5B1+2082225]
Ordinal0 [0x00222498+1057944]
Ordinal0 [0x002405DA+1181146]
Ordinal0 [0x0023C43C+1164348]
Ordinal0 [0x00239C73+1154163]
Ordinal0 [0x00269A22+1350178]
Ordinal0 [0x0026967A+1349242]
Ordinal0 [0x00265BEB+1334251]
Ordinal0 [0x00242174+1188212]
Ordinal0 [0x00243009+1191945]
GetHandleVerifier [0x004FEC5C+1511084]
GetHandleVerifier [0x005A8522+2205554]
GetHandleVerifier [0x00403393+480739]
GetHandleVerifier [0x00402579+477129]
Ordinal0 [0x00321E5D+2104925]
Ordinal0 [0x003263F8+2122744]
Ordinal0 [0x00326537+2123063]
Ordinal0 [0x0032EE53+2158163]
BaseThreadInitThunk [0x7601FA29+25]
RtlGetAppContainerNamedObjectPath [0x77127A9E+286]
RtlGetAppContainerNamedObjectPath [0x77127A6E+238]

at sun.reflect.NativeConstructorAccessorImpl.newInstance0(Native Method)
at sun.reflect.NativeConstructorAccessorImpl.newInstance(NativeConstructorAccessorImpl.java:62)
at sun.reflect.DelegatingConstructorAccessorImpl.newInstance(DelegatingConstructorAccessorImpl.java:45)
at java.lang.reflect.Constructor.newInstance(Constructor.java:423)
at org.openqa.selenium.remote.W3CHandshakeResponse.lambda$errorHandler$0(W3CHandshakeResponse.java:62)
at org.openqa.selenium.remote.HandshakeResponse.lambda$getResponseFunction$0(HandshakeResponse.java:30)
at org.openqa.selenium.remote.ProtocolHandshake.lambda$createSession$0(ProtocolHandshake.java:126)
at java.util.stream.ReferencePipeline$3$1.accept(ReferencePipeline.java:193)
at java.util.Spliterators$ArraySpliterator.tryAdvance(Spliterators.java:958)
at java.util.stream.ReferencePipeline.forEachWithCancel(ReferencePipeline.java:126)
at java.util.stream.AbstractPipeline.copyIntoWithCancel(AbstractPipeline.java:499)
at java.util.stream.AbstractPipeline.copyInto(AbstractPipeline.java:486)
at java.util.stream.AbstractPipeline.wrapAndCopyInto(AbstractPipeline.java:472)
at java.util.stream.FindOps$FindOp.evaluateSequential(FindOps.java:152)
at java.util.stream.AbstractPipeline.evaluate(AbstractPipeline.java:234)
at java.util.stream.ReferencePipeline.findFirst(ReferencePipeline.java:464)
at org.openqa.selenium.remote.ProtocolHandshake.createSession(ProtocolHandshake.java:128)
at org.openqa.selenium.remote.ProtocolHandshake.createSession(ProtocolHandshake.java:74)
at org.openqa.selenium.remote.HttpCommandExecutor.execute(HttpCommandExecutor.java:136)
at org.openqa.selenium.remote.service.DriverCommandExecutor.execute(DriverCommandExecutor.java:83)
at org.openqa.selenium.remote.RemoteWebDriver.execute(RemoteWebDriver.java:552)
at org.openqa.selenium.remote.RemoteWebDriver.startSession(RemoteWebDriver.java:213)
at org.openqa.selenium.remote.RemoteWebDriver.<init>(RemoteWebDriver.java:131)
at org.openqa.selenium.chrome.ChromeDriver.<init>(ChromeDriver.java:181)
at org.openqa.selenium.chrome.ChromeDriver.<init>(ChromeDriver.java:168)
at org.openqa.selenium.chrome.ChromeDriver.<init>(ChromeDriver.java:157)
at com.konex.commonUtils.BaseClass.configureBeforeClass(BaseClass.java:77)
at sun.reflect.NativeMethodAccessorImpl.invoke0(Native Method)
at sun.reflect.NativeMethodAccessorImpl.invoke(NativeMethodAccessorImpl.java:62)
at sun.reflect.DelegatingMethodAccessorImpl.invoke(DelegatingMethodAccessorImpl.java:43)
at java.lang.reflect.Method.invoke(Method.java:498)
at org.testng.internal.MethodInvocationHelper.invokeMethod(MethodInvocationHelper.java:124)
at org.testng.internal.MethodInvocationHelper.invokeMethodConsideringTimeout(MethodInvocationHelper.java:59)
at org.testng.internal.Invoker.invokeConfigurationMethod(Invoker.java:458)
at org.testng.internal.Invoker.invokeConfigurations(Invoker.java:222)
at org.testng.internal.Invoker.invokeConfigurations(Invoker.java:142)
at org.testng.internal.TestMethodWorker.invokeBeforeClassMethods(TestMethodWorker.java:168)
at org.testng.internal.TestMethodWorker.run(TestMethodWorker.java:105)
at java.util.concurrent.ThreadPoolExecutor.runWorker(ThreadPoolExecutor.java:1149)
at java.util.concurrent.ThreadPoolExecutor$Worker.run(ThreadPoolExecutor.java:624)
at java.lang.Thread.run(Thread.java:748)
]]>
    </error>
  </testcase> <!-- configureBeforeClass -->
  <testcase name="verifyOrderPlaced" time="0.000" classname="com.konexPos.customersTest.OrderPlaceAtPosScreentest">
    <skipped/>
  </testcase> <!-- verifyOrderPlaced -->
</testsuite> <!-- com.konexPos.customersTest.OrderPlaceAtPosScreentest -->
